mode: set
github.com/MultiTechSystems/lorawan-payload-schema/go/schema/binary.go:51.54,52.19 1 1
github.com/MultiTechSystems/lorawan-payload-schema/go/schema/binary.go:52.19,54.3 1 1
github.com/MultiTechSystems/lorawan-payload-schema/go/schema/binary.go:56.2,57.60 2 1
github.com/MultiTechSystems/lorawan-payload-schema/go/schema/binary.go:57.60,59.3 1 1
github.com/MultiTechSystems/lorawan-payload-schema/go/schema/binary.go:61.2,63.29 3 1
github.com/MultiTechSystems/lorawan-payload-schema/go/schema/binary.go:63.29,65.3 1 1
github.com/MultiTechSystems/lorawan-payload-schema/go/schema/binary.go:67.2,73.34 3 1
github.com/MultiTechSystems/lorawan-payload-schema/go/schema/binary.go:73.34,88.19 8 1
github.com/MultiTechSystems/lorawan-payload-schema/go/schema/binary.go:89.24,90.45 1 1
github.com/MultiTechSystems/lorawan-payload-schema/go/schema/binary.go:91.22,92.45 1 1
github.com/MultiTechSystems/lorawan-payload-schema/go/schema/binary.go:93.21,94.46 1 1
github.com/MultiTechSystems/lorawan-payload-schema/go/schema/binary.go:95.20,96.25 1 1
github.com/MultiTechSystems/lorawan-payload-schema/go/schema/binary.go:97.21,98.26 1 1
github.com/MultiTechSystems/lorawan-payload-schema/go/schema/binary.go:99.11,100.23 1 0
github.com/MultiTechSystems/lorawan-payload-schema/go/schema/binary.go:104.3,104.19 1 1
github.com/MultiTechSystems/lorawan-payload-schema/go/schema/binary.go:104.19,107.4 2 1
github.com/MultiTechSystems/lorawan-payload-schema/go/schema/binary.go:110.3,112.47 2 1
github.com/MultiTechSystems/lorawan-payload-schema/go/schema/binary.go:115.2,115.20 1 1
github.com/MultiTechSystems/lorawan-payload-schema/go/schema/binary.go:119.57,121.22 2 1
github.com/MultiTechSystems/lorawan-payload-schema/go/schema/binary.go:121.22,123.3 1 0
github.com/MultiTechSystems/lorawan-payload-schema/go/schema/binary.go:125.2,130.38 5 1
github.com/MultiTechSystems/lorawan-payload-schema/go/schema/binary.go:130.38,136.3 5 1
github.com/MultiTechSystems/lorawan-payload-schema/go/schema/binary.go:138.2,138.18 1 1
github.com/MultiTechSystems/lorawan-payload-schema/go/schema/binary.go:143.36,145.28 2 1
github.com/MultiTechSystems/lorawan-payload-schema/go/schema/binary.go:145.28,147.3 1 1
github.com/MultiTechSystems/lorawan-payload-schema/go/schema/binary.go:148.2,148.10 1 0
github.com/MultiTechSystems/lorawan-payload-schema/go/schema/binary.go:151.41,152.14 1 1
github.com/MultiTechSystems/lorawan-payload-schema/go/schema/binary.go:153.9,154.16 1 1
github.com/MultiTechSystems/lorawan-payload-schema/go/schema/binary.go:155.9,156.17 1 1
github.com/MultiTechSystems/lorawan-payload-schema/go/schema/binary.go:157.9,158.17 1 1
github.com/MultiTechSystems/lorawan-payload-schema/go/schema/binary.go:159.9,160.17 1 1
github.com/MultiTechSystems/lorawan-payload-schema/go/schema/binary.go:161.10,162.16 1 0
github.com/MultiTechSystems/lorawan-payload-schema/go/schema/binary.go:166.41,167.14 1 1
github.com/MultiTechSystems/lorawan-payload-schema/go/schema/binary.go:168.9,169.16 1 1
github.com/MultiTechSystems/lorawan-payload-schema/go/schema/binary.go:170.9,171.17 1 1
github.com/MultiTechSystems/lorawan-payload-schema/go/schema/binary.go:172.9,173.17 1 1
github.com/MultiTechSystems/lorawan-payload-schema/go/schema/binary.go:174.9,175.17 1 1
github.com/MultiTechSystems/lorawan-payload-schema/go/schema/binary.go:176.10,177.16 1 0
github.com/MultiTechSystems/lorawan-payload-schema/go/schema/binary.go:181.42,182.14 1 1
github.com/MultiTechSystems/lorawan-payload-schema/go/schema/binary.go:183.9,184.17 1 1
github.com/MultiTechSystems/lorawan-payload-schema/go/schema/binary.go:185.9,186.17 1 1
github.com/MultiTechSystems/lorawan-payload-schema/go/schema/binary.go:187.9,188.17 1 1
github.com/MultiTechSystems/lorawan-payload-schema/go/schema/binary.go:189.10,190.17 1 0
github.com/MultiTechSystems/lorawan-payload-schema/go/schema/binary.go:194.34,195.14 1 1
github.com/MultiTechSystems/lorawan-payload-schema/go/schema/binary.go:195.14,197.3 1 0
github.com/MultiTechSystems/lorawan-payload-schema/go/schema/binary.go:198.2,199.13 2 1
github.com/MultiTechSystems/lorawan-payload-schema/go/schema/binary.go:199.13,200.34 1 1
github.com/MultiTechSystems/lorawan-payload-schema/go/schema/binary.go:200.34,202.4 1 1
github.com/MultiTechSystems/lorawan-payload-schema/go/schema/binary.go:203.8,204.34 1 1
github.com/MultiTechSystems/lorawan-payload-schema/go/schema/binary.go:204.34,206.4 1 1
github.com/MultiTechSystems/lorawan-payload-schema/go/schema/binary.go:208.2,208.15 1 1
github.com/MultiTechSystems/lorawan-payload-schema/go/schema/binary.go:211.36,212.33 1 1
github.com/MultiTechSystems/lorawan-payload-schema/go/schema/binary.go:212.33,214.3 1 1
github.com/MultiTechSystems/lorawan-payload-schema/go/schema/binary.go:215.2,217.12 3 1
github.com/MultiTechSystems/lorawan-payload-schema/go/schema/binary.go:217.12,218.28 1 0
github.com/MultiTechSystems/lorawan-payload-schema/go/schema/binary.go:218.28,221.4 2 0
github.com/MultiTechSystems/lorawan-payload-schema/go/schema/binary.go:222.8,223.27 1 1
github.com/MultiTechSystems/lorawan-payload-schema/go/schema/binary.go:223.27,226.4 2 1
github.com/MultiTechSystems/lorawan-payload-schema/go/schema/binary.go:228.2,228.12 1 1
github.com/MultiTechSystems/lorawan-payload-schema/go/schema/binary.go:231.69,233.17 2 1
github.com/MultiTechSystems/lorawan-payload-schema/go/schema/binary.go:233.17,235.3 1 1
github.com/MultiTechSystems/lorawan-payload-schema/go/schema/binary.go:238.2,238.16 1 1
github.com/MultiTechSystems/lorawan-payload-schema/go/schema/binary.go:239.9,240.15 1 1
github.com/MultiTechSystems/lorawan-payload-schema/go/schema/binary.go:241.9,242.15 1 1
github.com/MultiTechSystems/lorawan-payload-schema/go/schema/binary.go:243.9,244.15 1 0
github.com/MultiTechSystems/lorawan-payload-schema/go/schema/binary.go:245.9,246.15 1 1
github.com/MultiTechSystems/lorawan-payload-schema/go/schema/binary.go:247.9,248.15 1 0
github.com/MultiTechSystems/lorawan-payload-schema/go/schema/binary.go:249.10,250.15 1 0
github.com/MultiTechSystems/lorawan-payload-schema/go/schema/binary.go:254.2,254.20 1 1
github.com/MultiTechSystems/lorawan-payload-schema/go/schema/binary.go:255.61,256.29 1 1
github.com/MultiTechSystems/lorawan-payload-schema/go/schema/binary.go:257.86,258.27 1 1
github.com/MultiTechSystems/lorawan-payload-schema/go/schema/binary.go:259.72,260.26 1 1
github.com/MultiTechSystems/lorawan-payload-schema/go/schema/binary.go:261.16,262.25 1 0
github.com/MultiTechSystems/lorawan-payload-schema/go/schema/binary.go:263.42,264.26 1 1
github.com/MultiTechSystems/lorawan-payload-schema/go/schema/binary.go:265.10,266.29 1 1
github.com/MultiTechSystems/lorawan-payload-schema/go/schema/binary.go:269.2,269.8 1 1
github.com/MultiTechSystems/lorawan-payload-schema/go/schema/schema.go:255.53,256.18 1 1
github.com/MultiTechSystems/lorawan-payload-schema/go/schema/schema.go:256.18,258.3 1 0
github.com/MultiTechSystems/lorawan-payload-schema/go/schema/schema.go:259.2,263.3 1 1
github.com/MultiTechSystems/lorawan-payload-schema/go/schema/schema.go:267.46,269.2 1 1
github.com/MultiTechSystems/lorawan-payload-schema/go/schema/schema.go:272.43,273.11 1 1
github.com/MultiTechSystems/lorawan-payload-schema/go/schema/schema.go:274.30,275.11 1 1
github.com/MultiTechSystems/lorawan-payload-schema/go/schema/schema.go:276.33,277.11 1 1
github.com/MultiTechSystems/lorawan-payload-schema/go/schema/schema.go:278.24,279.11 1 1
github.com/MultiTechSystems/lorawan-payload-schema/go/schema/schema.go:280.42,281.11 1 1
github.com/MultiTechSystems/lorawan-payload-schema/go/schema/schema.go:282.42,283.11 1 1
github.com/MultiTechSystems/lorawan-payload-schema/go/schema/schema.go:284.15,285.11 1 1
github.com/MultiTechSystems/lorawan-payload-schema/go/schema/schema.go:286.10,287.11 1 1
github.com/MultiTechSystems/lorawan-payload-schema/go/schema/schema.go:292.66,293.18 1 1
github.com/MultiTechSystems/lorawan-payload-schema/go/schema/schema.go:293.18,295.3 1 0
github.com/MultiTechSystems/lorawan-payload-schema/go/schema/schema.go:296.2,301.3 1 1
github.com/MultiTechSystems/lorawan-payload-schema/go/schema/schema.go:305.43,307.2 1 1
github.com/MultiTechSystems/lorawan-payload-schema/go/schema/schema.go:310.55,311.34 1 1
github.com/MultiTechSystems/lorawan-payload-schema/go/schema/schema.go:311.34,314.3 1 1
github.com/MultiTechSystems/lorawan-payload-schema/go/schema/schema.go:315.2,317.20 3 1
github.com/MultiTechSystems/lorawan-payload-schema/go/schema/schema.go:321.67,323.27 2 1
github.com/MultiTechSystems/lorawan-payload-schema/go/schema/schema.go:323.27,325.3 1 0
github.com/MultiTechSystems/lorawan-payload-schema/go/schema/schema.go:326.2,326.35 1 1
github.com/MultiTechSystems/lorawan-payload-schema/go/schema/schema.go:331.48,332.50 1 1
github.com/MultiTechSystems/lorawan-payload-schema/go/schema/schema.go:332.50,334.3 1 1
github.com/MultiTechSystems/lorawan-payload-schema/go/schema/schema.go:335.2,336.46 2 1
github.com/MultiTechSystems/lorawan-payload-schema/go/schema/schema.go:336.46,338.52 2 1
github.com/MultiTechSystems/lorawan-payload-schema/go/schema/schema.go:338.52,340.4 1 1
github.com/MultiTechSystems/lorawan-payload-schema/go/schema/schema.go:342.2,342.14 1 1
github.com/MultiTechSystems/lorawan-payload-schema/go/schema/schema.go:346.67,348.27 2 1
github.com/MultiTechSystems/lorawan-payload-schema/go/schema/schema.go:348.27,349.18 1 1
github.com/MultiTechSystems/lorawan-payload-schema/go/schema/schema.go:349.18,351.4 1 0
github.com/MultiTechSystems/lorawan-payload-schema/go/schema/schema.go:352.3,352.62 1 1
github.com/MultiTechSystems/lorawan-payload-schema/go/schema/schema.go:352.62,354.4 1 1
github.com/MultiTechSystems/lorawan-payload-schema/go/schema/schema.go:355.3,355.36 1 1
github.com/MultiTechSystems/lorawan-payload-schema/go/schema/schema.go:355.36,357.4 1 0
github.com/MultiTechSystems/lorawan-payload-schema/go/schema/schema.go:358.3,359.47 2 1
github.com/MultiTechSystems/lorawan-payload-schema/go/schema/schema.go:359.47,360.36 1 1
github.com/MultiTechSystems/lorawan-payload-schema/go/schema/schema.go:360.36,363.10 3 1
github.com/MultiTechSystems/lorawan-payload-schema/go/schema/schema.go:366.3,366.13 1 1
github.com/MultiTechSystems/lorawan-payload-schema/go/schema/schema.go:366.13,368.4 1 1
github.com/MultiTechSystems/lorawan-payload-schema/go/schema/schema.go:370.2,370.36 1 1
github.com/MultiTechSystems/lorawan-payload-schema/go/schema/schema.go:370.36,372.3 1 0
github.com/MultiTechSystems/lorawan-payload-schema/go/schema/schema.go:373.2,373.21 1 1
github.com/MultiTechSystems/lorawan-payload-schema/go/schema/schema.go:377.48,380.59 2 1
github.com/MultiTechSystems/lorawan-payload-schema/go/schema/schema.go:380.59,381.60 1 1
github.com/MultiTechSystems/lorawan-payload-schema/go/schema/schema.go:381.60,383.4 1 1
github.com/MultiTechSystems/lorawan-payload-schema/go/schema/schema.go:387.2,393.42 5 1
github.com/MultiTechSystems/lorawan-payload-schema/go/schema/schema.go:393.42,395.3 1 1
github.com/MultiTechSystems/lorawan-payload-schema/go/schema/schema.go:396.2,396.45 1 1
github.com/MultiTechSystems/lorawan-payload-schema/go/schema/schema.go:396.45,398.3 1 1
github.com/MultiTechSystems/lorawan-payload-schema/go/schema/schema.go:399.2,399.46 1 1
github.com/MultiTechSystems/lorawan-payload-schema/go/schema/schema.go:399.46,401.3 1 1
github.com/MultiTechSystems/lorawan-payload-schema/go/schema/schema.go:402.2,402.25 1 1
github.com/MultiTechSystems/lorawan-payload-schema/go/schema/schema.go:402.25,404.3 1 1
github.com/MultiTechSystems/lorawan-payload-schema/go/schema/schema.go:407.2,407.60 1 1
github.com/MultiTechSystems/lorawan-payload-schema/go/schema/schema.go:407.60,409.40 2 1
github.com/MultiTechSystems/lorawan-payload-schema/go/schema/schema.go:409.40,410.49 1 1
github.com/MultiTechSystems/lorawan-payload-schema/go/schema/schema.go:410.49,412.54 2 1
github.com/MultiTechSystems/lorawan-payload-schema/go/schema/schema.go:412.54,414.6 1 1
github.com/MultiTechSystems/lorawan-payload-schema/go/schema/schema.go:415.5,415.37 1 1
github.com/MultiTechSystems/lorawan-payload-schema/go/schema/schema.go:420.2,420.57 1 1
github.com/MultiTechSystems/lorawan-payload-schema/go/schema/schema.go:420.57,422.40 2 0
github.com/MultiTechSystems/lorawan-payload-schema/go/schema/schema.go:422.40,424.49 2 0
github.com/MultiTechSystems/lorawan-payload-schema/go/schema/schema.go:424.49,426.54 2 0
github.com/MultiTechSystems/lorawan-payload-schema/go/schema/schema.go:426.54,428.6 1 0
github.com/MultiTechSystems/lorawan-payload-schema/go/schema/schema.go:429.5,429.34 1 0
github.com/MultiTechSystems/lorawan-payload-schema/go/schema/schema.go:431.4,431.46 1 0
github.com/MultiTechSystems/lorawan-payload-schema/go/schema/schema.go:431.46,433.54 2 0
github.com/MultiTechSystems/lorawan-payload-schema/go/schema/schema.go:433.54,435.6 1 0
github.com/MultiTechSystems/lorawan-payload-schema/go/schema/schema.go:436.5,436.34 1 0
github.com/MultiTechSystems/lorawan-payload-schema/go/schema/schema.go:442.2,442.48 1 1
github.com/MultiTechSystems/lorawan-payload-schema/go/schema/schema.go:442.48,444.3 1 1
github.com/MultiTechSystems/lorawan-payload-schema/go/schema/schema.go:447.2,447.55 1 1
github.com/MultiTechSystems/lorawan-payload-schema/go/schema/schema.go:447.55,449.42 2 0
github.com/MultiTechSystems/lorawan-payload-schema/go/schema/schema.go:449.42,450.51 1 0
github.com/MultiTechSystems/lorawan-payload-schema/go/schema/schema.go:450.51,452.53 2 0
github.com/MultiTechSystems/lorawan-payload-schema/go/schema/schema.go:452.53,454.6 1 0
github.com/MultiTechSystems/lorawan-payload-schema/go/schema/schema.go:455.5,455.56 1 0
github.com/MultiTechSystems/lorawan-payload-schema/go/schema/schema.go:455.56,457.6 1 0
github.com/MultiTechSystems/lorawan-payload-schema/go/schema/schema.go:458.5,458.53 1 0
github.com/MultiTechSystems/lorawan-payload-schema/go/schema/schema.go:458.53,460.6 1 0
github.com/MultiTechSystems/lorawan-payload-schema/go/schema/schema.go:461.5,461.31 1 0
github.com/MultiTechSystems/lorawan-payload-schema/go/schema/schema.go:466.2,466.52 1 1
github.com/MultiTechSystems/lorawan-payload-schema/go/schema/schema.go:466.52,468.42 2 1
github.com/MultiTechSystems/lorawan-payload-schema/go/schema/schema.go:468.42,470.51 2 1
github.com/MultiTechSystems/lorawan-payload-schema/go/schema/schema.go:470.51,472.53 2 1
github.com/MultiTechSystems/lorawan-payload-schema/go/schema/schema.go:472.53,474.6 1 1
github.com/MultiTechSystems/lorawan-payload-schema/go/schema/schema.go:475.5,475.56 1 1
github.com/MultiTechSystems/lorawan-payload-schema/go/schema/schema.go:475.56,477.6 1 0
github.com/MultiTechSystems/lorawan-payload-schema/go/schema/schema.go:478.5,478.53 1 1
github.com/MultiTechSystems/lorawan-payload-schema/go/schema/schema.go:478.53,480.6 1 1
github.com/MultiTechSystems/lorawan-payload-schema/go/schema/schema.go:481.5,481.27 1 1
github.com/MultiTechSystems/lorawan-payload-schema/go/schema/schema.go:483.4,483.48 1 1
github.com/MultiTechSystems/lorawan-payload-schema/go/schema/schema.go:483.48,485.53 2 0
github.com/MultiTechSystems/lorawan-payload-schema/go/schema/schema.go:485.53,487.6 1 0
github.com/MultiTechSystems/lorawan-payload-schema/go/schema/schema.go:488.5,488.56 1 0
github.com/MultiTechSystems/lorawan-payload-schema/go/schema/schema.go:488.56,490.6 1 0
github.com/MultiTechSystems/lorawan-payload-schema/go/schema/schema.go:491.5,491.53 1 0
github.com/MultiTechSystems/lorawan-payload-schema/go/schema/schema.go:491.53,493.6 1 0
github.com/MultiTechSystems/lorawan-payload-schema/go/schema/schema.go:494.5,494.27 1 0
github.com/MultiTechSystems/lorawan-payload-schema/go/schema/schema.go:499.2,499.20 1 1
github.com/MultiTechSystems/lorawan-payload-schema/go/schema/schema.go:502.46,504.2 1 1
github.com/MultiTechSystems/lorawan-payload-schema/go/schema/schema.go:506.75,508.31 2 1
github.com/MultiTechSystems/lorawan-payload-schema/go/schema/schema.go:508.31,509.40 1 1
github.com/MultiTechSystems/lorawan-payload-schema/go/schema/schema.go:509.40,511.22 2 1
github.com/MultiTechSystems/lorawan-payload-schema/go/schema/schema.go:511.22,513.5 1 1
github.com/MultiTechSystems/lorawan-payload-schema/go/schema/schema.go:514.4,514.52 1 1
github.com/MultiTechSystems/lorawan-payload-schema/go/schema/schema.go:517.2,517.15 1 1
github.com/MultiTechSystems/lorawan-payload-schema/go/schema/schema.go:520.62,523.41 2 1
github.com/MultiTechSystems/lorawan-payload-schema/go/schema/schema.go:523.41,525.3 1 1
github.com/MultiTechSystems/lorawan-payload-schema/go/schema/schema.go:526.2,526.40 1 1
github.com/MultiTechSystems/lorawan-payload-schema/go/schema/schema.go:526.40,528.3 1 1
github.com/MultiTechSystems/lorawan-payload-schema/go/schema/schema.go:529.2,529.42 1 1
github.com/MultiTechSystems/lorawan-payload-schema/go/schema/schema.go:529.42,531.3 1 1
github.com/MultiTechSystems/lorawan-payload-schema/go/schema/schema.go:532.2,532.46 1 1
github.com/MultiTechSystems/lorawan-payload-schema/go/schema/schema.go:532.46,534.3 1 0
github.com/MultiTechSystems/lorawan-payload-schema/go/schema/schema.go:535.2,535.45 1 1
github.com/MultiTechSystems/lorawan-payload-schema/go/schema/schema.go:535.45,537.3 1 1
github.com/MultiTechSystems/lorawan-payload-schema/go/schema/schema.go:539.2,539.42 1 1
github.com/MultiTechSystems/lorawan-payload-schema/go/schema/schema.go:539.42,541.3 1 1
github.com/MultiTechSystems/lorawan-payload-schema/go/schema/schema.go:541.8,541.45 1 1
github.com/MultiTechSystems/lorawan-payload-schema/go/schema/schema.go:541.45,544.3 2 0
github.com/MultiTechSystems/lorawan-payload-schema/go/schema/schema.go:545.2,545.40 1 1
github.com/MultiTechSystems/lorawan-payload-schema/go/schema/schema.go:545.40,547.3 1 0
github.com/MultiTechSystems/lorawan-payload-schema/go/schema/schema.go:547.8,547.43 1 1
github.com/MultiTechSystems/lorawan-payload-schema/go/schema/schema.go:547.43,550.3 2 1
github.com/MultiTechSystems/lorawan-payload-schema/go/schema/schema.go:551.2,551.40 1 1
github.com/MultiTechSystems/lorawan-payload-schema/go/schema/schema.go:551.40,553.3 1 0
github.com/MultiTechSystems/lorawan-payload-schema/go/schema/schema.go:553.8,553.43 1 1
github.com/MultiTechSystems/lorawan-payload-schema/go/schema/schema.go:553.43,556.3 2 1
github.com/MultiTechSystems/lorawan-payload-schema/go/schema/schema.go:558.2,561.53 2 1
github.com/MultiTechSystems/lorawan-payload-schema/go/schema/schema.go:561.53,562.37 1 1
github.com/MultiTechSystems/lorawan-payload-schema/go/schema/schema.go:562.37,563.43 1 1
github.com/MultiTechSystems/lorawan-payload-schema/go/schema/schema.go:563.43,565.43 2 1
github.com/MultiTechSystems/lorawan-payload-schema/go/schema/schema.go:565.43,567.6 1 0
github.com/MultiTechSystems/lorawan-payload-schema/go/schema/schema.go:567.11,567.46 1 1
github.com/MultiTechSystems/lorawan-payload-schema/go/schema/schema.go:567.46,570.6 2 1
github.com/MultiTechSystems/lorawan-payload-schema/go/schema/schema.go:571.5,571.43 1 1
github.com/MultiTechSystems/lorawan-payload-schema/go/schema/schema.go:571.43,573.6 1 0
github.com/MultiTechSystems/lorawan-payload-schema/go/schema/schema.go:573.11,573.46 1 1
github.com/MultiTechSystems/lorawan-payload-schema/go/schema/schema.go:573.46,576.6 2 1
github.com/MultiTechSystems/lorawan-payload-schema/go/schema/schema.go:577.5,577.45 1 1
github.com/MultiTechSystems/lorawan-payload-schema/go/schema/schema.go:577.45,579.6 1 1
github.com/MultiTechSystems/lorawan-payload-schema/go/schema/schema.go:579.11,579.48 1 1
github.com/MultiTechSystems/lorawan-payload-schema/go/schema/schema.go:579.48,582.6 2 0
github.com/MultiTechSystems/lorawan-payload-schema/go/schema/schema.go:583.5,583.43 1 1
github.com/MultiTechSystems/lorawan-payload-schema/go/schema/schema.go:583.43,585.6 1 0
github.com/MultiTechSystems/lorawan-payload-schema/go/schema/schema.go:585.11,585.46 1 1
github.com/MultiTechSystems/lorawan-payload-schema/go/schema/schema.go:585.46,588.6 2 1
github.com/MultiTechSystems/lorawan-payload-schema/go/schema/schema.go:589.5,589.41 1 1
github.com/MultiTechSystems/lorawan-payload-schema/go/schema/schema.go:595.2,595.53 1 1
github.com/MultiTechSystems/lorawan-payload-schema/go/schema/schema.go:595.53,596.37 1 0
github.com/MultiTechSystems/lorawan-payload-schema/go/schema/schema.go:596.37,597.43 1 0
github.com/MultiTechSystems/lorawan-payload-schema/go/schema/schema.go:597.43,599.43 2 0
github.com/MultiTechSystems/lorawan-payload-schema/go/schema/schema.go:599.43,601.6 1 0
github.com/MultiTechSystems/lorawan-payload-schema/go/schema/schema.go:601.11,601.46 1 0
github.com/MultiTechSystems/lorawan-payload-schema/go/schema/schema.go:601.46,604.6 2 0
github.com/MultiTechSystems/lorawan-payload-schema/go/schema/schema.go:605.5,605.45 1 0
github.com/MultiTechSystems/lorawan-payload-schema/go/schema/schema.go:605.45,607.6 1 0
github.com/MultiTechSystems/lorawan-payload-schema/go/schema/schema.go:607.11,607.48 1 0
github.com/MultiTechSystems/lorawan-payload-schema/go/schema/schema.go:607.48,610.6 2 0
github.com/MultiTechSystems/lorawan-payload-schema/go/schema/schema.go:611.5,611.43 1 0
github.com/MultiTechSystems/lorawan-payload-schema/go/schema/schema.go:611.43,613.6 1 0
github.com/MultiTechSystems/lorawan-payload-schema/go/schema/schema.go:613.11,613.46 1 0
github.com/MultiTechSystems/lorawan-payload-schema/go/schema/schema.go:613.46,616.6 2 0
github.com/MultiTechSystems/lorawan-payload-schema/go/schema/schema.go:617.5,617.41 1 0
github.com/MultiTechSystems/lorawan-payload-schema/go/schema/schema.go:622.2,622.43 1 1
github.com/MultiTechSystems/lorawan-payload-schema/go/schema/schema.go:622.43,624.3 1 1
github.com/MultiTechSystems/lorawan-payload-schema/go/schema/schema.go:625.2,625.37 1 1
github.com/MultiTechSystems/lorawan-payload-schema/go/schema/schema.go:625.37,627.3 1 1
github.com/MultiTechSystems/lorawan-payload-schema/go/schema/schema.go:630.2,630.53 1 1
github.com/MultiTechSystems/lorawan-payload-schema/go/schema/schema.go:630.53,632.28 2 0
github.com/MultiTechSystems/lorawan-payload-schema/go/schema/schema.go:632.28,633.47 1 0
github.com/MultiTechSystems/lorawan-payload-schema/go/schema/schema.go:633.47,634.34 1 0
github.com/MultiTechSystems/lorawan-payload-schema/go/schema/schema.go:634.34,636.6 1 0
github.com/MultiTechSystems/lorawan-payload-schema/go/schema/schema.go:641.2,641.50 1 1
github.com/MultiTechSystems/lorawan-payload-schema/go/schema/schema.go:641.50,643.28 2 0
github.com/MultiTechSystems/lorawan-payload-schema/go/schema/schema.go:643.28,644.33 1 0
github.com/MultiTechSystems/lorawan-payload-schema/go/schema/schema.go:644.33,646.5 1 0
github.com/MultiTechSystems/lorawan-payload-schema/go/schema/schema.go:650.2,650.50 1 1
github.com/MultiTechSystems/lorawan-payload-schema/go/schema/schema.go:650.50,652.28 2 1
github.com/MultiTechSystems/lorawan-payload-schema/go/schema/schema.go:652.28,654.26 2 1
github.com/MultiTechSystems/lorawan-payload-schema/go/schema/schema.go:655.13,656.13 1 1
github.com/MultiTechSystems/lorawan-payload-schema/go/schema/schema.go:657.17,658.18 1 0
github.com/MultiTechSystems/lorawan-payload-schema/go/schema/schema.go:659.16,660.30 1 0
github.com/MultiTechSystems/lorawan-payload-schema/go/schema/schema.go:662.4,662.33 1 1
github.com/MultiTechSystems/lorawan-payload-schema/go/schema/schema.go:662.33,664.5 1 1
github.com/MultiTechSystems/lorawan-payload-schema/go/schema/schema.go:669.2,669.47 1 1
github.com/MultiTechSystems/lorawan-payload-schema/go/schema/schema.go:669.47,671.3 1 1
github.com/MultiTechSystems/lorawan-payload-schema/go/schema/schema.go:674.2,674.45 1 1
github.com/MultiTechSystems/lorawan-payload-schema/go/schema/schema.go:674.45,675.31 1 1
github.com/MultiTechSystems/lorawan-payload-schema/go/schema/schema.go:675.31,676.41 1 1
github.com/MultiTechSystems/lorawan-payload-schema/go/schema/schema.go:676.41,679.22 3 1
github.com/MultiTechSystems/lorawan-payload-schema/go/schema/schema.go:679.22,681.6 1 1
github.com/MultiTechSystems/lorawan-payload-schema/go/schema/schema.go:682.5,682.44 1 1
github.com/MultiTechSystems/lorawan-payload-schema/go/schema/schema.go:682.44,684.6 1 1
github.com/MultiTechSystems/lorawan-payload-schema/go/schema/schema.go:685.5,685.54 1 1
github.com/MultiTechSystems/lorawan-payload-schema/go/schema/schema.go:685.54,687.6 1 1
github.com/MultiTechSystems/lorawan-payload-schema/go/schema/schema.go:688.5,688.33 1 1
github.com/MultiTechSystems/lorawan-payload-schema/go/schema/schema.go:694.2,694.45 1 1
github.com/MultiTechSystems/lorawan-payload-schema/go/schema/schema.go:694.45,696.3 1 1
github.com/MultiTechSystems/lorawan-payload-schema/go/schema/schema.go:697.2,697.49 1 1
github.com/MultiTechSystems/lorawan-payload-schema/go/schema/schema.go:697.49,699.3 1 0
github.com/MultiTechSystems/lorawan-payload-schema/go/schema/schema.go:700.2,700.51 1 1
github.com/MultiTechSystems/lorawan-payload-schema/go/schema/schema.go:700.51,702.3 1 0
github.com/MultiTechSystems/lorawan-payload-schema/go/schema/schema.go:703.2,703.55 1 1
github.com/MultiTechSystems/lorawan-payload-schema/go/schema/schema.go:703.55,705.3 1 0
github.com/MultiTechSystems/lorawan-payload-schema/go/schema/schema.go:706.2,706.54 1 1
github.com/MultiTechSystems/lorawan-payload-schema/go/schema/schema.go:706.54,708.3 1 1
github.com/MultiTechSystems/lorawan-payload-schema/go/schema/schema.go:709.2,709.37 1 1
github.com/MultiTechSystems/lorawan-payload-schema/go/schema/schema.go:709.37,711.3 1 1
github.com/MultiTechSystems/lorawan-payload-schema/go/schema/schema.go:712.2,712.41 1 1
github.com/MultiTechSystems/lorawan-payload-schema/go/schema/schema.go:712.41,714.3 1 0
github.com/MultiTechSystems/lorawan-payload-schema/go/schema/schema.go:715.2,715.47 1 1
github.com/MultiTechSystems/lorawan-payload-schema/go/schema/schema.go:715.47,717.3 1 0
github.com/MultiTechSystems/lorawan-payload-schema/go/schema/schema.go:720.2,720.34 1 1
github.com/MultiTechSystems/lorawan-payload-schema/go/schema/schema.go:720.34,722.3 1 1
github.com/MultiTechSystems/lorawan-payload-schema/go/schema/schema.go:723.2,723.42 1 1
github.com/MultiTechSystems/lorawan-payload-schema/go/schema/schema.go:723.42,725.3 1 1
github.com/MultiTechSystems/lorawan-payload-schema/go/schema/schema.go:726.2,726.43 1 1
github.com/MultiTechSystems/lorawan-payload-schema/go/schema/schema.go:726.43,728.3 1 1
github.com/MultiTechSystems/lorawan-payload-schema/go/schema/schema.go:729.2,729.36 1 1
github.com/MultiTechSystems/lorawan-payload-schema/go/schema/schema.go:729.36,731.3 1 1
github.com/MultiTechSystems/lorawan-payload-schema/go/schema/schema.go:731.8,731.47 1 1
github.com/MultiTechSystems/lorawan-payload-schema/go/schema/schema.go:731.47,733.3 1 0
github.com/MultiTechSystems/lorawan-payload-schema/go/schema/schema.go:734.2,734.36 1 1
github.com/MultiTechSystems/lorawan-payload-schema/go/schema/schema.go:734.36,736.3 1 1
github.com/MultiTechSystems/lorawan-payload-schema/go/schema/schema.go:736.8,736.47 1 1
github.com/MultiTechSystems/lorawan-payload-schema/go/schema/schema.go:736.47,738.3 1 0
github.com/MultiTechSystems/lorawan-payload-schema/go/schema/schema.go:741.2,741.45 1 1
github.com/MultiTechSystems/lorawan-payload-schema/go/schema/schema.go:741.45,743.3 1 1
github.com/MultiTechSystems/lorawan-payload-schema/go/schema/schema.go:744.2,744.51 1 1
github.com/MultiTechSystems/lorawan-payload-schema/go/schema/schema.go:744.51,746.3 1 1
github.com/MultiTechSystems/lorawan-payload-schema/go/schema/schema.go:749.2,749.36 1 1
github.com/MultiTechSystems/lorawan-payload-schema/go/schema/schema.go:749.36,751.3 1 1
github.com/MultiTechSystems/lorawan-payload-schema/go/schema/schema.go:751.8,751.47 1 1
github.com/MultiTechSystems/lorawan-payload-schema/go/schema/schema.go:751.47,753.3 1 0
github.com/MultiTechSystems/lorawan-payload-schema/go/schema/schema.go:754.2,754.44 1 1
github.com/MultiTechSystems/lorawan-payload-schema/go/schema/schema.go:754.44,756.3 1 1
github.com/MultiTechSystems/lorawan-payload-schema/go/schema/schema.go:756.8,756.55 1 1
github.com/MultiTechSystems/lorawan-payload-schema/go/schema/schema.go:756.55,758.3 1 0
github.com/MultiTechSystems/lorawan-payload-schema/go/schema/schema.go:761.2,761.41 1 1
github.com/MultiTechSystems/lorawan-payload-schema/go/schema/schema.go:761.41,763.3 1 1
github.com/MultiTechSystems/lorawan-payload-schema/go/schema/schema.go:764.2,764.56 1 1
github.com/MultiTechSystems/lorawan-payload-schema/go/schema/schema.go:764.56,766.31 2 0
github.com/MultiTechSystems/lorawan-payload-schema/go/schema/schema.go:766.31,767.47 1 0
github.com/MultiTechSystems/lorawan-payload-schema/go/schema/schema.go:767.47,768.34 1 0
github.com/MultiTechSystems/lorawan-payload-schema/go/schema/schema.go:768.34,770.6 1 0
github.com/MultiTechSystems/lorawan-payload-schema/go/schema/schema.go:774.2,774.53 1 1
github.com/MultiTechSystems/lorawan-payload-schema/go/schema/schema.go:774.53,776.31 2 1
github.com/MultiTechSystems/lorawan-payload-schema/go/schema/schema.go:776.31,778.26 2 1
github.com/MultiTechSystems/lorawan-payload-schema/go/schema/schema.go:779.13,780.13 1 1
github.com/MultiTechSystems/lorawan-payload-schema/go/schema/schema.go:781.17,782.18 1 0
github.com/MultiTechSystems/lorawan-payload-schema/go/schema/schema.go:783.16,784.30 1 0
github.com/MultiTechSystems/lorawan-payload-schema/go/schema/schema.go:786.4,786.33 1 1
github.com/MultiTechSystems/lorawan-payload-schema/go/schema/schema.go:786.33,788.5 1 1
github.com/MultiTechSystems/lorawan-payload-schema/go/schema/schema.go:793.2,793.47 1 1
github.com/MultiTechSystems/lorawan-payload-schema/go/schema/schema.go:793.47,795.3 1 1
github.com/MultiTechSystems/lorawan-payload-schema/go/schema/schema.go:796.2,796.38 1 1
github.com/MultiTechSystems/lorawan-payload-schema/go/schema/schema.go:796.38,798.3 1 1
github.com/MultiTechSystems/lorawan-payload-schema/go/schema/schema.go:798.8,798.49 1 1
github.com/MultiTechSystems/lorawan-payload-schema/go/schema/schema.go:798.49,800.3 1 0
github.com/MultiTechSystems/lorawan-payload-schema/go/schema/schema.go:803.2,803.41 1 1
github.com/MultiTechSystems/lorawan-payload-schema/go/schema/schema.go:803.41,805.3 1 1
github.com/MultiTechSystems/lorawan-payload-schema/go/schema/schema.go:808.2,808.42 1 1
github.com/MultiTechSystems/lorawan-payload-schema/go/schema/schema.go:808.42,809.55 1 1
github.com/MultiTechSystems/lorawan-payload-schema/go/schema/schema.go:809.55,811.37 2 1
github.com/MultiTechSystems/lorawan-payload-schema/go/schema/schema.go:811.37,812.47 1 1
github.com/MultiTechSystems/lorawan-payload-schema/go/schema/schema.go:812.47,814.6 1 1
github.com/MultiTechSystems/lorawan-payload-schema/go/schema/schema.go:820.2,820.51 1 1
github.com/MultiTechSystems/lorawan-payload-schema/go/schema/schema.go:820.51,822.3 1 1
github.com/MultiTechSystems/lorawan-payload-schema/go/schema/schema.go:823.2,823.45 1 1
github.com/MultiTechSystems/lorawan-payload-schema/go/schema/schema.go:823.45,825.3 1 1
github.com/MultiTechSystems/lorawan-payload-schema/go/schema/schema.go:826.2,826.45 1 1
github.com/MultiTechSystems/lorawan-payload-schema/go/schema/schema.go:826.45,827.33 1 1
github.com/MultiTechSystems/lorawan-payload-schema/go/schema/schema.go:827.33,828.36 1 1
github.com/MultiTechSystems/lorawan-payload-schema/go/schema/schema.go:828.36,830.5 1 1
github.com/MultiTechSystems/lorawan-payload-schema/go/schema/schema.go:835.2,835.47 1 1
github.com/MultiTechSystems/lorawan-payload-schema/go/schema/schema.go:835.47,837.3 1 1
github.com/MultiTechSystems/lorawan-payload-schema/go/schema/schema.go:840.2,840.39 1 1
github.com/MultiTechSystems/lorawan-payload-schema/go/schema/schema.go:840.39,842.3 1 1
github.com/MultiTechSystems/lorawan-payload-schema/go/schema/schema.go:845.2,845.49 1 1
github.com/MultiTechSystems/lorawan-payload-schema/go/schema/schema.go:845.49,846.29 1 1
github.com/MultiTechSystems/lorawan-payload-schema/go/schema/schema.go:846.29,847.34 1 1
github.com/MultiTechSystems/lorawan-payload-schema/go/schema/schema.go:847.34,849.5 1 1
github.com/MultiTechSystems/lorawan-payload-schema/go/schema/schema.go:854.2,854.55 1 1
github.com/MultiTechSystems/lorawan-payload-schema/go/schema/schema.go:854.55,856.43 2 1
github.com/MultiTechSystems/lorawan-payload-schema/go/schema/schema.go:856.43,858.4 1 1
github.com/MultiTechSystems/lorawan-payload-schema/go/schema/schema.go:859.3,859.41 1 1
github.com/MultiTechSystems/lorawan-payload-schema/go/schema/schema.go:859.41,861.4 1 1
github.com/MultiTechSystems/lorawan-payload-schema/go/schema/schema.go:861.9,861.49 1 0
github.com/MultiTechSystems/lorawan-payload-schema/go/schema/schema.go:861.49,863.4 1 0
github.com/MultiTechSystems/lorawan-payload-schema/go/schema/schema.go:863.9,863.45 1 0
github.com/MultiTechSystems/lorawan-payload-schema/go/schema/schema.go:863.45,865.4 1 0
github.com/MultiTechSystems/lorawan-payload-schema/go/schema/schema.go:866.3,866.41 1 1
github.com/MultiTechSystems/lorawan-payload-schema/go/schema/schema.go:866.41,868.4 1 1
github.com/MultiTechSystems/lorawan-payload-schema/go/schema/schema.go:868.9,868.49 1 0
github.com/MultiTechSystems/lorawan-payload-schema/go/schema/schema.go:868.49,870.4 1 0
github.com/MultiTechSystems/lorawan-payload-schema/go/schema/schema.go:870.9,870.45 1 0
github.com/MultiTechSystems/lorawan-payload-schema/go/schema/schema.go:870.45,872.4 1 0
github.com/MultiTechSystems/lorawan-payload-schema/go/schema/schema.go:873.3,873.17 1 1
github.com/MultiTechSystems/lorawan-payload-schema/go/schema/schema.go:877.2,877.54 1 1
github.com/MultiTechSystems/lorawan-payload-schema/go/schema/schema.go:877.54,879.52 2 1
github.com/MultiTechSystems/lorawan-payload-schema/go/schema/schema.go:879.52,881.4 1 0
github.com/MultiTechSystems/lorawan-payload-schema/go/schema/schema.go:881.9,881.55 1 1
github.com/MultiTechSystems/lorawan-payload-schema/go/schema/schema.go:881.55,883.4 1 1
github.com/MultiTechSystems/lorawan-payload-schema/go/schema/schema.go:884.3,884.50 1 1
github.com/MultiTechSystems/lorawan-payload-schema/go/schema/schema.go:884.50,885.30 1 1
github.com/MultiTechSystems/lorawan-payload-schema/go/schema/schema.go:885.30,886.41 1 1
github.com/MultiTechSystems/lorawan-payload-schema/go/schema/schema.go:886.41,888.47 2 1
github.com/MultiTechSystems/lorawan-payload-schema/go/schema/schema.go:888.47,890.7 1 1
github.com/MultiTechSystems/lorawan-payload-schema/go/schema/schema.go:891.6,891.42 1 1
github.com/MultiTechSystems/lorawan-payload-schema/go/schema/schema.go:891.42,893.7 1 0
github.com/MultiTechSystems/lorawan-payload-schema/go/schema/schema.go:893.12,893.45 1 1
github.com/MultiTechSystems/lorawan-payload-schema/go/schema/schema.go:893.45,896.7 2 1
github.com/MultiTechSystems/lorawan-payload-schema/go/schema/schema.go:897.6,897.44 1 1
github.com/MultiTechSystems/lorawan-payload-schema/go/schema/schema.go:897.44,899.7 1 0
github.com/MultiTechSystems/lorawan-payload-schema/go/schema/schema.go:899.12,899.47 1 1
github.com/MultiTechSystems/lorawan-payload-schema/go/schema/schema.go:899.47,902.7 2 1
github.com/MultiTechSystems/lorawan-payload-schema/go/schema/schema.go:903.6,903.42 1 1
github.com/MultiTechSystems/lorawan-payload-schema/go/schema/schema.go:903.42,905.7 1 0
github.com/MultiTechSystems/lorawan-payload-schema/go/schema/schema.go:905.12,905.45 1 1
github.com/MultiTechSystems/lorawan-payload-schema/go/schema/schema.go:905.45,908.7 2 1
github.com/MultiTechSystems/lorawan-payload-schema/go/schema/schema.go:909.6,909.44 1 1
github.com/MultiTechSystems/lorawan-payload-schema/go/schema/schema.go:909.44,911.7 1 0
github.com/MultiTechSystems/lorawan-payload-schema/go/schema/schema.go:911.12,911.47 1 1
github.com/MultiTechSystems/lorawan-payload-schema/go/schema/schema.go:911.47,914.7 2 1
github.com/MultiTechSystems/lorawan-payload-schema/go/schema/schema.go:915.6,915.42 1 1
github.com/MultiTechSystems/lorawan-payload-schema/go/schema/schema.go:915.42,917.7 1 0
github.com/MultiTechSystems/lorawan-payload-schema/go/schema/schema.go:917.12,917.45 1 1
github.com/MultiTechSystems/lorawan-payload-schema/go/schema/schema.go:917.45,920.7 2 1
github.com/MultiTechSystems/lorawan-payload-schema/go/schema/schema.go:921.6,921.35 1 1
github.com/MultiTechSystems/lorawan-payload-schema/go/schema/schema.go:925.3,925.15 1 1
github.com/MultiTechSystems/lorawan-payload-schema/go/schema/schema.go:929.2,929.58 1 1
github.com/MultiTechSystems/lorawan-payload-schema/go/schema/schema.go:929.58,931.52 2 1
github.com/MultiTechSystems/lorawan-payload-schema/go/schema/schema.go:931.52,933.4 1 1
github.com/MultiTechSystems/lorawan-payload-schema/go/schema/schema.go:934.3,934.56 1 1
github.com/MultiTechSystems/lorawan-payload-schema/go/schema/schema.go:934.56,935.35 1 1
github.com/MultiTechSystems/lorawan-payload-schema/go/schema/schema.go:935.35,936.46 1 1
github.com/MultiTechSystems/lorawan-payload-schema/go/schema/schema.go:936.46,938.42 2 1
github.com/MultiTechSystems/lorawan-payload-schema/go/schema/schema.go:938.42,940.7 1 1
github.com/MultiTechSystems/lorawan-payload-schema/go/schema/schema.go:940.12,940.53 1 0
github.com/MultiTechSystems/lorawan-payload-schema/go/schema/schema.go:940.53,942.7 1 0
github.com/MultiTechSystems/lorawan-payload-schema/go/schema/schema.go:943.6,943.51 1 1
github.com/MultiTechSystems/lorawan-payload-schema/go/schema/schema.go:943.51,945.7 1 1
github.com/MultiTechSystems/lorawan-payload-schema/go/schema/schema.go:946.6,946.38 1 1
github.com/MultiTechSystems/lorawan-payload-schema/go/schema/schema.go:950.3,950.17 1 1
github.com/MultiTechSystems/lorawan-payload-schema/go/schema/schema.go:954.2,954.50 1 1
github.com/MultiTechSystems/lorawan-payload-schema/go/schema/schema.go:954.50,958.3 3 0
github.com/MultiTechSystems/lorawan-payload-schema/go/schema/schema.go:960.2,960.10 1 1
github.com/MultiTechSystems/lorawan-payload-schema/go/schema/schema.go:966.60,967.20 1 1
github.com/MultiTechSystems/lorawan-payload-schema/go/schema/schema.go:967.20,969.3 1 1
github.com/MultiTechSystems/lorawan-payload-schema/go/schema/schema.go:971.2,972.36 2 1
github.com/MultiTechSystems/lorawan-payload-schema/go/schema/schema.go:972.36,974.3 1 1
github.com/MultiTechSystems/lorawan-payload-schema/go/schema/schema.go:975.2,975.38 1 1
github.com/MultiTechSystems/lorawan-payload-schema/go/schema/schema.go:975.38,977.3 1 1
github.com/MultiTechSystems/lorawan-payload-schema/go/schema/schema.go:978.2,978.104 1 1
github.com/MultiTechSystems/lorawan-payload-schema/go/schema/schema.go:982.81,984.16 2 1
github.com/MultiTechSystems/lorawan-payload-schema/go/schema/schema.go:984.16,986.3 1 1
github.com/MultiTechSystems/lorawan-payload-schema/go/schema/schema.go:988.2,991.23 3 1
github.com/MultiTechSystems/lorawan-payload-schema/go/schema/schema.go:991.23,993.17 2 0
github.com/MultiTechSystems/lorawan-payload-schema/go/schema/schema.go:993.17,995.4 1 0
github.com/MultiTechSystems/lorawan-payload-schema/go/schema/schema.go:996.3,996.34 1 0
github.com/MultiTechSystems/lorawan-payload-schema/go/schema/schema.go:996.34,998.4 1 0
github.com/MultiTechSystems/lorawan-payload-schema/go/schema/schema.go:1001.2,1002.16 2 1
github.com/MultiTechSystems/lorawan-payload-schema/go/schema/schema.go:1002.16,1004.3 1 0
github.com/MultiTechSystems/lorawan-payload-schema/go/schema/schema.go:1005.2,1005.33 1 1
github.com/MultiTechSystems/lorawan-payload-schema/go/schema/schema.go:1005.33,1007.3 1 1
github.com/MultiTechSystems/lorawan-payload-schema/go/schema/schema.go:1009.2,1009.20 1 1
github.com/MultiTechSystems/lorawan-payload-schema/go/schema/schema.go:1013.62,1018.23 3 1
github.com/MultiTechSystems/lorawan-payload-schema/go/schema/schema.go:1018.23,1020.17 2 0
github.com/MultiTechSystems/lorawan-payload-schema/go/schema/schema.go:1020.17,1022.4 1 0
github.com/MultiTechSystems/lorawan-payload-schema/go/schema/schema.go:1023.3,1023.34 1 0
github.com/MultiTechSystems/lorawan-payload-schema/go/schema/schema.go:1023.34,1025.4 1 0
github.com/MultiTechSystems/lorawan-payload-schema/go/schema/schema.go:1029.2,1030.16 2 1
github.com/MultiTechSystems/lorawan-payload-schema/go/schema/schema.go:1030.16,1032.3 1 1
github.com/MultiTechSystems/lorawan-payload-schema/go/schema/schema.go:1033.2,1033.33 1 1
github.com/MultiTechSystems/lorawan-payload-schema/go/schema/schema.go:1033.33,1035.3 1 1
github.com/MultiTechSystems/lorawan-payload-schema/go/schema/schema.go:1037.2,1037.20 1 1
github.com/MultiTechSystems/lorawan-payload-schema/go/schema/schema.go:1040.79,1042.2 1 1
github.com/MultiTechSystems/lorawan-payload-schema/go/schema/schema.go:1044.105,1047.31 2 1
github.com/MultiTechSystems/lorawan-payload-schema/go/schema/schema.go:1047.31,1049.40 1 1
github.com/MultiTechSystems/lorawan-payload-schema/go/schema/schema.go:1049.40,1051.18 2 1
github.com/MultiTechSystems/lorawan-payload-schema/go/schema/schema.go:1051.18,1053.5 1 0
github.com/MultiTechSystems/lorawan-payload-schema/go/schema/schema.go:1054.4,1054.32 1 1
github.com/MultiTechSystems/lorawan-payload-schema/go/schema/schema.go:1054.32,1057.5 2 1
github.com/MultiTechSystems/lorawan-payload-schema/go/schema/schema.go:1058.4,1058.12 1 1
github.com/MultiTechSystems/lorawan-payload-schema/go/schema/schema.go:1062.3,1062.31 1 1
github.com/MultiTechSystems/lorawan-payload-schema/go/schema/schema.go:1062.31,1064.18 2 1
github.com/MultiTechSystems/lorawan-payload-schema/go/schema/schema.go:1064.18,1066.5 1 0
github.com/MultiTechSystems/lorawan-payload-schema/go/schema/schema.go:1067.4,1067.31 1 1
github.com/MultiTechSystems/lorawan-payload-schema/go/schema/schema.go:1067.31,1070.5 2 1
github.com/MultiTechSystems/lorawan-payload-schema/go/schema/schema.go:1071.4,1071.12 1 1
github.com/MultiTechSystems/lorawan-payload-schema/go/schema/schema.go:1075.3,1075.51 1 1
github.com/MultiTechSystems/lorawan-payload-schema/go/schema/schema.go:1075.51,1077.18 2 1
github.com/MultiTechSystems/lorawan-payload-schema/go/schema/schema.go:1077.18,1079.5 1 0
github.com/MultiTechSystems/lorawan-payload-schema/go/schema/schema.go:1080.4,1080.32 1 1
github.com/MultiTechSystems/lorawan-payload-schema/go/schema/schema.go:1080.32,1082.5 1 1
github.com/MultiTechSystems/lorawan-payload-schema/go/schema/schema.go:1083.4,1083.12 1 1
github.com/MultiTechSystems/lorawan-payload-schema/go/schema/schema.go:1087.3,1087.29 1 1
github.com/MultiTechSystems/lorawan-payload-schema/go/schema/schema.go:1087.29,1089.18 2 0
github.com/MultiTechSystems/lorawan-payload-schema/go/schema/schema.go:1089.18,1091.5 1 0
github.com/MultiTechSystems/lorawan-payload-schema/go/schema/schema.go:1092.4,1092.32 1 0
github.com/MultiTechSystems/lorawan-payload-schema/go/schema/schema.go:1092.32,1094.5 1 0
github.com/MultiTechSystems/lorawan-payload-schema/go/schema/schema.go:1095.4,1095.12 1 0
github.com/MultiTechSystems/lorawan-payload-schema/go/schema/schema.go:1099.3,1099.27 1 1
github.com/MultiTechSystems/lorawan-payload-schema/go/schema/schema.go:1099.27,1101.18 2 1
github.com/MultiTechSystems/lorawan-payload-schema/go/schema/schema.go:1101.18,1103.5 1 0
github.com/MultiTechSystems/lorawan-payload-schema/go/schema/schema.go:1104.4,1104.36 1 1
github.com/MultiTechSystems/lorawan-payload-schema/go/schema/schema.go:1104.36,1107.5 2 1
github.com/MultiTechSystems/lorawan-payload-schema/go/schema/schema.go:1108.4,1108.12 1 1
github.com/MultiTechSystems/lorawan-payload-schema/go/schema/schema.go:1111.3,1112.17 2 1
github.com/MultiTechSystems/lorawan-payload-schema/go/schema/schema.go:1112.17,1114.4 1 1
github.com/MultiTechSystems/lorawan-payload-schema/go/schema/schema.go:1116.3,1116.39 1 1
github.com/MultiTechSystems/lorawan-payload-schema/go/schema/schema.go:1116.39,1119.4 2 1
github.com/MultiTechSystems/lorawan-payload-schema/go/schema/schema.go:1122.2,1122.20 1 1
github.com/MultiTechSystems/lorawan-payload-schema/go/schema/schema.go:1126.89,1128.47 1 1
github.com/MultiTechSystems/lorawan-payload-schema/go/schema/schema.go:1128.47,1130.3 1 0
github.com/MultiTechSystems/lorawan-payload-schema/go/schema/schema.go:1131.2,1133.31 2 1
github.com/MultiTechSystems/lorawan-payload-schema/go/schema/schema.go:1133.31,1135.3 1 0
github.com/MultiTechSystems/lorawan-payload-schema/go/schema/schema.go:1137.2,1138.9 2 1
github.com/MultiTechSystems/lorawan-payload-schema/go/schema/schema.go:1138.9,1140.3 1 0
github.com/MultiTechSystems/lorawan-payload-schema/go/schema/schema.go:1142.2,1142.56 1 1
github.com/MultiTechSystems/lorawan-payload-schema/go/schema/schema.go:1146.79,1148.15 2 1
github.com/MultiTechSystems/lorawan-payload-schema/go/schema/schema.go:1148.15,1150.3 1 0
github.com/MultiTechSystems/lorawan-payload-schema/go/schema/schema.go:1152.2,1153.16 2 1
github.com/MultiTechSystems/lorawan-payload-schema/go/schema/schema.go:1153.16,1155.3 1 0
github.com/MultiTechSystems/lorawan-payload-schema/go/schema/schema.go:1157.2,1160.43 2 1
github.com/MultiTechSystems/lorawan-payload-schema/go/schema/schema.go:1160.43,1165.51 3 1
github.com/MultiTechSystems/lorawan-payload-schema/go/schema/schema.go:1165.51,1168.23 3 1
github.com/MultiTechSystems/lorawan-payload-schema/go/schema/schema.go:1168.23,1171.5 2 1
github.com/MultiTechSystems/lorawan-payload-schema/go/schema/schema.go:1175.3,1176.26 2 1
github.com/MultiTechSystems/lorawan-payload-schema/go/schema/schema.go:1176.26,1178.4 1 1
github.com/MultiTechSystems/lorawan-payload-schema/go/schema/schema.go:1180.3,1184.26 4 1
github.com/MultiTechSystems/lorawan-payload-schema/go/schema/schema.go:1184.26,1186.4 1 1
github.com/MultiTechSystems/lorawan-payload-schema/go/schema/schema.go:1189.2,1189.20 1 1
github.com/MultiTechSystems/lorawan-payload-schema/go/schema/schema.go:1192.80,1194.9 2 1
github.com/MultiTechSystems/lorawan-payload-schema/go/schema/schema.go:1194.9,1196.3 1 0
github.com/MultiTechSystems/lorawan-payload-schema/go/schema/schema.go:1197.2,1201.34 3 1
github.com/MultiTechSystems/lorawan-payload-schema/go/schema/schema.go:1201.34,1203.21 2 1
github.com/MultiTechSystems/lorawan-payload-schema/go/schema/schema.go:1203.21,1205.18 2 1
github.com/MultiTechSystems/lorawan-payload-schema/go/schema/schema.go:1205.18,1207.5 1 0
github.com/MultiTechSystems/lorawan-payload-schema/go/schema/schema.go:1208.4,1208.34 1 1
github.com/MultiTechSystems/lorawan-payload-schema/go/schema/schema.go:1208.34,1210.5 1 1
github.com/MultiTechSystems/lorawan-payload-schema/go/schema/schema.go:1214.2,1214.20 1 1
github.com/MultiTechSystems/lorawan-payload-schema/go/schema/schema.go:1217.64,1219.17 2 1
github.com/MultiTechSystems/lorawan-payload-schema/go/schema/schema.go:1219.17,1222.3 1 1
github.com/MultiTechSystems/lorawan-payload-schema/go/schema/schema.go:1223.2,1224.18 2 1
github.com/MultiTechSystems/lorawan-payload-schema/go/schema/schema.go:1224.18,1226.3 1 1
github.com/MultiTechSystems/lorawan-payload-schema/go/schema/schema.go:1228.2,1231.20 3 1
github.com/MultiTechSystems/lorawan-payload-schema/go/schema/schema.go:1232.70,1234.17 2 1
github.com/MultiTechSystems/lorawan-payload-schema/go/schema/schema.go:1234.17,1236.4 1 1
github.com/MultiTechSystems/lorawan-payload-schema/go/schema/schema.go:1237.3,1237.35 1 1
github.com/MultiTechSystems/lorawan-payload-schema/go/schema/schema.go:1239.95,1241.17 2 1
github.com/MultiTechSystems/lorawan-payload-schema/go/schema/schema.go:1241.17,1243.4 1 0
github.com/MultiTechSystems/lorawan-payload-schema/go/schema/schema.go:1244.3,1244.35 1 1
github.com/MultiTechSystems/lorawan-payload-schema/go/schema/schema.go:1246.16,1248.17 2 0
github.com/MultiTechSystems/lorawan-payload-schema/go/schema/schema.go:1248.17,1250.4 1 0
github.com/MultiTechSystems/lorawan-payload-schema/go/schema/schema.go:1251.3,1251.34 1 0
github.com/MultiTechSystems/lorawan-payload-schema/go/schema/schema.go:1253.72,1259.17 3 1
github.com/MultiTechSystems/lorawan-payload-schema/go/schema/schema.go:1259.17,1261.4 1 0
github.com/MultiTechSystems/lorawan-payload-schema/go/schema/schema.go:1262.3,1263.17 2 1
github.com/MultiTechSystems/lorawan-payload-schema/go/schema/schema.go:1263.17,1265.4 1 0
github.com/MultiTechSystems/lorawan-payload-schema/go/schema/schema.go:1267.31,1270.17 2 1
github.com/MultiTechSystems/lorawan-payload-schema/go/schema/schema.go:1270.17,1272.4 1 0
github.com/MultiTechSystems/lorawan-payload-schema/go/schema/schema.go:1273.3,1275.24 2 1
github.com/MultiTechSystems/lorawan-payload-schema/go/schema/schema.go:1275.24,1277.4 1 1
github.com/MultiTechSystems/lorawan-payload-schema/go/schema/schema.go:1279.31,1281.17 2 1
github.com/MultiTechSystems/lorawan-payload-schema/go/schema/schema.go:1281.17,1283.4 1 0
github.com/MultiTechSystems/lorawan-payload-schema/go/schema/schema.go:1284.3,1285.16 2 1
github.com/MultiTechSystems/lorawan-payload-schema/go/schema/schema.go:1285.16,1287.4 1 1
github.com/MultiTechSystems/lorawan-payload-schema/go/schema/schema.go:1288.3,1288.53 1 1
github.com/MultiTechSystems/lorawan-payload-schema/go/schema/schema.go:1290.35,1292.17 1 1
github.com/MultiTechSystems/lorawan-payload-schema/go/schema/schema.go:1292.17,1294.18 2 1
github.com/MultiTechSystems/lorawan-payload-schema/go/schema/schema.go:1294.18,1296.5 1 0
github.com/MultiTechSystems/lorawan-payload-schema/go/schema/schema.go:1297.4,1297.51 1 1
github.com/MultiTechSystems/lorawan-payload-schema/go/schema/schema.go:1298.9,1300.4 1 0
github.com/MultiTechSystems/lorawan-payload-schema/go/schema/schema.go:1302.33,1304.17 2 1
github.com/MultiTechSystems/lorawan-payload-schema/go/schema/schema.go:1304.17,1306.4 1 0
github.com/MultiTechSystems/lorawan-payload-schema/go/schema/schema.go:1307.3,1307.50 1 1
github.com/MultiTechSystems/lorawan-payload-schema/go/schema/schema.go:1309.31,1312.21 2 1
github.com/MultiTechSystems/lorawan-payload-schema/go/schema/schema.go:1313.19,1314.15 1 1
github.com/MultiTechSystems/lorawan-payload-schema/go/schema/schema.go:1315.21,1316.15 1 0
github.com/MultiTechSystems/lorawan-payload-schema/go/schema/schema.go:1317.21,1318.15 1 0
github.com/MultiTechSystems/lorawan-payload-schema/go/schema/schema.go:1320.3,1321.17 2 1
github.com/MultiTechSystems/lorawan-payload-schema/go/schema/schema.go:1321.17,1323.4 1 0
github.com/MultiTechSystems/lorawan-payload-schema/go/schema/schema.go:1324.3,1325.26 2 1
github.com/MultiTechSystems/lorawan-payload-schema/go/schema/schema.go:1325.26,1326.43 1 1
github.com/MultiTechSystems/lorawan-payload-schema/go/schema/schema.go:1326.43,1328.5 1 1
github.com/MultiTechSystems/lorawan-payload-schema/go/schema/schema.go:1328.10,1330.5 1 1
github.com/MultiTechSystems/lorawan-payload-schema/go/schema/schema.go:1331.9,1333.4 1 0
github.com/MultiTechSystems/lorawan-payload-schema/go/schema/schema.go:1335.15,1337.17 2 0
github.com/MultiTechSystems/lorawan-payload-schema/go/schema/schema.go:1337.17,1339.4 1 0
github.com/MultiTechSystems/lorawan-payload-schema/go/schema/schema.go:1340.3,1340.35 1 0
github.com/MultiTechSystems/lorawan-payload-schema/go/schema/schema.go:1342.31,1344.17 2 1
github.com/MultiTechSystems/lorawan-payload-schema/go/schema/schema.go:1344.17,1346.4 1 0
github.com/MultiTechSystems/lorawan-payload-schema/go/schema/schema.go:1347.3,1347.18 1 1
github.com/MultiTechSystems/lorawan-payload-schema/go/schema/schema.go:1349.33,1351.17 2 1
github.com/MultiTechSystems/lorawan-payload-schema/go/schema/schema.go:1351.17,1353.4 1 0
github.com/MultiTechSystems/lorawan-payload-schema/go/schema/schema.go:1354.3,1354.59 1 1
github.com/MultiTechSystems/lorawan-payload-schema/go/schema/schema.go:1356.35,1358.17 2 1
github.com/MultiTechSystems/lorawan-payload-schema/go/schema/schema.go:1358.17,1360.4 1 1
github.com/MultiTechSystems/lorawan-payload-schema/go/schema/schema.go:1362.26,1364.17 2 1
github.com/MultiTechSystems/lorawan-payload-schema/go/schema/schema.go:1364.17,1366.4 1 0
github.com/MultiTechSystems/lorawan-payload-schema/go/schema/schema.go:1367.3,1369.22 3 1
github.com/MultiTechSystems/lorawan-payload-schema/go/schema/schema.go:1369.22,1371.4 1 0
github.com/MultiTechSystems/lorawan-payload-schema/go/schema/schema.go:1372.3,1374.36 3 1
github.com/MultiTechSystems/lorawan-payload-schema/go/schema/schema.go:1374.36,1375.21 1 1
github.com/MultiTechSystems/lorawan-payload-schema/go/schema/schema.go:1375.21,1376.13 1 0
github.com/MultiTechSystems/lorawan-payload-schema/go/schema/schema.go:1378.4,1381.22 4 1
github.com/MultiTechSystems/lorawan-payload-schema/go/schema/schema.go:1381.22,1382.38 1 1
github.com/MultiTechSystems/lorawan-payload-schema/go/schema/schema.go:1382.38,1384.6 1 1
github.com/MultiTechSystems/lorawan-payload-schema/go/schema/schema.go:1386.4,1388.23 3 1
github.com/MultiTechSystems/lorawan-payload-schema/go/schema/schema.go:1388.23,1390.5 1 1
github.com/MultiTechSystems/lorawan-payload-schema/go/schema/schema.go:1390.10,1392.5 1 1
github.com/MultiTechSystems/lorawan-payload-schema/go/schema/schema.go:1394.3,1394.53 1 1
github.com/MultiTechSystems/lorawan-payload-schema/go/schema/schema.go:1396.28,1399.22 1 1
github.com/MultiTechSystems/lorawan-payload-schema/go/schema/schema.go:1399.22,1402.11 3 1
github.com/MultiTechSystems/lorawan-payload-schema/go/schema/schema.go:1402.11,1404.5 1 1
github.com/MultiTechSystems/lorawan-payload-schema/go/schema/schema.go:1405.4,1408.33 2 1
github.com/MultiTechSystems/lorawan-payload-schema/go/schema/schema.go:1408.33,1410.5 1 1
github.com/MultiTechSystems/lorawan-payload-schema/go/schema/schema.go:1413.4,1413.32 1 1
github.com/MultiTechSystems/lorawan-payload-schema/go/schema/schema.go:1413.32,1414.43 1 1
github.com/MultiTechSystems/lorawan-payload-schema/go/schema/schema.go:1414.43,1415.26 1 1
github.com/MultiTechSystems/lorawan-payload-schema/go/schema/schema.go:1415.26,1417.7 1 1
github.com/MultiTechSystems/lorawan-payload-schema/go/schema/schema.go:1418.6,1418.26 1 1
github.com/MultiTechSystems/lorawan-payload-schema/go/schema/schema.go:1418.26,1420.7 1 1
github.com/MultiTechSystems/lorawan-payload-schema/go/schema/schema.go:1421.6,1421.27 1 1
github.com/MultiTechSystems/lorawan-payload-schema/go/schema/schema.go:1421.27,1423.7 1 0
github.com/MultiTechSystems/lorawan-payload-schema/go/schema/schema.go:1424.6,1424.45 1 1
github.com/MultiTechSystems/lorawan-payload-schema/go/schema/schema.go:1424.45,1426.7 1 1
github.com/MultiTechSystems/lorawan-payload-schema/go/schema/schema.go:1430.4,1430.18 1 1
github.com/MultiTechSystems/lorawan-payload-schema/go/schema/schema.go:1431.9,1431.34 1 1
github.com/MultiTechSystems/lorawan-payload-schema/go/schema/schema.go:1431.34,1434.18 2 1
github.com/MultiTechSystems/lorawan-payload-schema/go/schema/schema.go:1434.18,1436.5 1 1
github.com/MultiTechSystems/lorawan-payload-schema/go/schema/schema.go:1437.4,1437.18 1 1
github.com/MultiTechSystems/lorawan-payload-schema/go/schema/schema.go:1438.9,1438.33 1 1
github.com/MultiTechSystems/lorawan-payload-schema/go/schema/schema.go:1438.33,1441.18 2 1
github.com/MultiTechSystems/lorawan-payload-schema/go/schema/schema.go:1441.18,1443.5 1 0
github.com/MultiTechSystems/lorawan-payload-schema/go/schema/schema.go:1444.4,1444.15 1 1
github.com/MultiTechSystems/lorawan-payload-schema/go/schema/schema.go:1445.9,1447.4 1 0
github.com/MultiTechSystems/lorawan-payload-schema/go/schema/schema.go:1450.3,1450.25 1 1
github.com/MultiTechSystems/lorawan-payload-schema/go/schema/schema.go:1450.25,1451.42 1 1
github.com/MultiTechSystems/lorawan-payload-schema/go/schema/schema.go:1451.42,1453.5 1 1
github.com/MultiTechSystems/lorawan-payload-schema/go/schema/schema.go:1456.18,1458.17 2 1
github.com/MultiTechSystems/lorawan-payload-schema/go/schema/schema.go:1458.17,1460.4 1 0
github.com/MultiTechSystems/lorawan-payload-schema/go/schema/schema.go:1462.42,1464.17 2 1
github.com/MultiTechSystems/lorawan-payload-schema/go/schema/schema.go:1464.17,1466.4 1 1
github.com/MultiTechSystems/lorawan-payload-schema/go/schema/schema.go:1468.22,1469.31 1 0
github.com/MultiTechSystems/lorawan-payload-schema/go/schema/schema.go:1471.10,1472.63 1 1
github.com/MultiTechSystems/lorawan-payload-schema/go/schema/schema.go:1477.2,1477.53 1 1
github.com/MultiTechSystems/lorawan-payload-schema/go/schema/schema.go:1477.53,1478.41 1 1
github.com/MultiTechSystems/lorawan-payload-schema/go/schema/schema.go:1478.41,1480.18 2 1
github.com/MultiTechSystems/lorawan-payload-schema/go/schema/schema.go:1480.18,1482.5 1 0
github.com/MultiTechSystems/lorawan-payload-schema/go/schema/schema.go:1483.4,1483.18 1 1
github.com/MultiTechSystems/lorawan-payload-schema/go/schema/schema.go:1485.8,1485.84 1 1
github.com/MultiTechSystems/lorawan-payload-schema/go/schema/schema.go:1485.85,1487.3 0 1
github.com/MultiTechSystems/lorawan-payload-schema/go/schema/schema.go:1487.8,1487.47 1 1
github.com/MultiTechSystems/lorawan-payload-schema/go/schema/schema.go:1487.47,1490.31 1 1
github.com/MultiTechSystems/lorawan-payload-schema/go/schema/schema.go:1490.31,1493.42 1 1
github.com/MultiTechSystems/lorawan-payload-schema/go/schema/schema.go:1493.42,1494.25 1 1
github.com/MultiTechSystems/lorawan-payload-schema/go/schema/schema.go:1494.25,1496.6 1 1
github.com/MultiTechSystems/lorawan-payload-schema/go/schema/schema.go:1497.5,1497.26 1 1
github.com/MultiTechSystems/lorawan-payload-schema/go/schema/schema.go:1497.26,1499.6 1 1
github.com/MultiTechSystems/lorawan-payload-schema/go/schema/schema.go:1500.5,1500.44 1 1
github.com/MultiTechSystems/lorawan-payload-schema/go/schema/schema.go:1500.44,1502.6 1 0
github.com/MultiTechSystems/lorawan-payload-schema/go/schema/schema.go:1505.9,1505.38 1 1
github.com/MultiTechSystems/lorawan-payload-schema/go/schema/schema.go:1505.38,1506.42 1 0
github.com/MultiTechSystems/lorawan-payload-schema/go/schema/schema.go:1506.42,1507.25 1 0
github.com/MultiTechSystems/lorawan-payload-schema/go/schema/schema.go:1507.25,1509.6 1 0
github.com/MultiTechSystems/lorawan-payload-schema/go/schema/schema.go:1510.5,1510.26 1 0
github.com/MultiTechSystems/lorawan-payload-schema/go/schema/schema.go:1510.26,1512.6 1 0
github.com/MultiTechSystems/lorawan-payload-schema/go/schema/schema.go:1513.5,1513.44 1 0
github.com/MultiTechSystems/lorawan-payload-schema/go/schema/schema.go:1513.44,1515.6 1 0
github.com/MultiTechSystems/lorawan-payload-schema/go/schema/schema.go:1518.9,1518.37 1 1
github.com/MultiTechSystems/lorawan-payload-schema/go/schema/schema.go:1518.37,1519.39 1 1
github.com/MultiTechSystems/lorawan-payload-schema/go/schema/schema.go:1519.39,1520.16 1 1
github.com/MultiTechSystems/lorawan-payload-schema/go/schema/schema.go:1521.16,1522.26 1 1
github.com/MultiTechSystems/lorawan-payload-schema/go/schema/schema.go:1522.26,1524.7 1 1
github.com/MultiTechSystems/lorawan-payload-schema/go/schema/schema.go:1525.17,1526.27 1 1
github.com/MultiTechSystems/lorawan-payload-schema/go/schema/schema.go:1526.27,1528.7 1 1
github.com/MultiTechSystems/lorawan-payload-schema/go/schema/schema.go:1529.16,1530.45 1 1
github.com/MultiTechSystems/lorawan-payload-schema/go/schema/schema.go:1530.45,1532.7 1 1
github.com/MultiTechSystems/lorawan-payload-schema/go/schema/schema.go:1536.9,1537.24 1 1
github.com/MultiTechSystems/lorawan-payload-schema/go/schema/schema.go:1537.24,1539.5 1 0
github.com/MultiTechSystems/lorawan-payload-schema/go/schema/schema.go:1540.4,1540.25 1 1
github.com/MultiTechSystems/lorawan-payload-schema/go/schema/schema.go:1540.25,1542.5 1 1
github.com/MultiTechSystems/lorawan-payload-schema/go/schema/schema.go:1543.4,1543.43 1 1
github.com/MultiTechSystems/lorawan-payload-schema/go/schema/schema.go:1543.43,1545.5 1 1
github.com/MultiTechSystems/lorawan-payload-schema/go/schema/schema.go:1547.3,1547.17 1 1
github.com/MultiTechSystems/lorawan-payload-schema/go/schema/schema.go:1551.2,1551.25 1 1
github.com/MultiTechSystems/lorawan-payload-schema/go/schema/schema.go:1551.25,1552.37 1 1
github.com/MultiTechSystems/lorawan-payload-schema/go/schema/schema.go:1552.37,1553.52 1 1
github.com/MultiTechSystems/lorawan-payload-schema/go/schema/schema.go:1553.52,1555.5 1 1
github.com/MultiTechSystems/lorawan-payload-schema/go/schema/schema.go:1558.2,1558.30 1 1
github.com/MultiTechSystems/lorawan-payload-schema/go/schema/schema.go:1558.30,1559.37 1 0
github.com/MultiTechSystems/lorawan-payload-schema/go/schema/schema.go:1559.37,1560.54 1 0
github.com/MultiTechSystems/lorawan-payload-schema/go/schema/schema.go:1560.54,1562.5 1 0
github.com/MultiTechSystems/lorawan-payload-schema/go/schema/schema.go:1567.2,1567.21 1 1
github.com/MultiTechSystems/lorawan-payload-schema/go/schema/schema.go:1567.21,1569.3 1 1
github.com/MultiTechSystems/lorawan-payload-schema/go/schema/schema.go:1571.2,1571.19 1 1
github.com/MultiTechSystems/lorawan-payload-schema/go/schema/schema.go:1574.64,1577.20 2 1
github.com/MultiTechSystems/lorawan-payload-schema/go/schema/schema.go:1577.20,1581.10 3 1
github.com/MultiTechSystems/lorawan-payload-schema/go/schema/schema.go:1581.10,1583.4 1 1
github.com/MultiTechSystems/lorawan-payload-schema/go/schema/schema.go:1584.3,1584.29 1 1
github.com/MultiTechSystems/lorawan-payload-schema/go/schema/schema.go:1585.8,1588.18 2 1
github.com/MultiTechSystems/lorawan-payload-schema/go/schema/schema.go:1588.18,1590.4 1 0
github.com/MultiTechSystems/lorawan-payload-schema/go/schema/schema.go:1591.3,1592.17 2 1
github.com/MultiTechSystems/lorawan-payload-schema/go/schema/schema.go:1592.17,1594.4 1 0
github.com/MultiTechSystems/lorawan-payload-schema/go/schema/schema.go:1595.3,1595.49 1 1
github.com/MultiTechSystems/lorawan-payload-schema/go/schema/schema.go:1599.2,1599.32 1 1
github.com/MultiTechSystems/lorawan-payload-schema/go/schema/schema.go:1599.32,1600.16 1 1
github.com/MultiTechSystems/lorawan-payload-schema/go/schema/schema.go:1600.16,1602.4 1 1
github.com/MultiTechSystems/lorawan-payload-schema/go/schema/schema.go:1604.3,1605.21 2 1
github.com/MultiTechSystems/lorawan-payload-schema/go/schema/schema.go:1605.21,1607.4 1 0
github.com/MultiTechSystems/lorawan-payload-schema/go/schema/schema.go:1609.3,1609.21 1 1
github.com/MultiTechSystems/lorawan-payload-schema/go/schema/schema.go:1609.21,1610.12 1 0
github.com/MultiTechSystems/lorawan-payload-schema/go/schema/schema.go:1613.3,1615.30 2 1
github.com/MultiTechSystems/lorawan-payload-schema/go/schema/schema.go:1616.12,1617.29 1 1
github.com/MultiTechSystems/lorawan-payload-schema/go/schema/schema.go:1618.16,1619.34 1 0
github.com/MultiTechSystems/lorawan-payload-schema/go/schema/schema.go:1620.14,1621.27 1 1
github.com/MultiTechSystems/lorawan-payload-schema/go/schema/schema.go:1621.27,1622.64 1 1
github.com/MultiTechSystems/lorawan-payload-schema/go/schema/schema.go:1622.64,1624.11 2 1
github.com/MultiTechSystems/lorawan-payload-schema/go/schema/schema.go:1627.23,1630.31 3 1
github.com/MultiTechSystems/lorawan-payload-schema/go/schema/schema.go:1630.31,1632.5 1 1
github.com/MultiTechSystems/lorawan-payload-schema/go/schema/schema.go:1633.4,1633.31 1 1
github.com/MultiTechSystems/lorawan-payload-schema/go/schema/schema.go:1633.31,1635.5 1 1
github.com/MultiTechSystems/lorawan-payload-schema/go/schema/schema.go:1636.4,1636.58 1 1
github.com/MultiTechSystems/lorawan-payload-schema/go/schema/schema.go:1639.3,1639.14 1 1
github.com/MultiTechSystems/lorawan-payload-schema/go/schema/schema.go:1639.14,1641.4 1 1
github.com/MultiTechSystems/lorawan-payload-schema/go/schema/schema.go:1644.2,1644.17 1 0
github.com/MultiTechSystems/lorawan-payload-schema/go/schema/schema.go:1647.73,1649.18 2 1
github.com/MultiTechSystems/lorawan-payload-schema/go/schema/schema.go:1649.18,1651.3 1 1
github.com/MultiTechSystems/lorawan-payload-schema/go/schema/schema.go:1652.2,1655.23 4 1
github.com/MultiTechSystems/lorawan-payload-schema/go/schema/schema.go:1655.23,1657.3 1 1
github.com/MultiTechSystems/lorawan-payload-schema/go/schema/schema.go:1659.2,1663.26 3 1
github.com/MultiTechSystems/lorawan-payload-schema/go/schema/schema.go:1663.26,1667.31 3 1
github.com/MultiTechSystems/lorawan-payload-schema/go/schema/schema.go:1667.31,1670.39 2 1
github.com/MultiTechSystems/lorawan-payload-schema/go/schema/schema.go:1670.39,1672.20 2 1
github.com/MultiTechSystems/lorawan-payload-schema/go/schema/schema.go:1672.20,1674.6 1 0
github.com/MultiTechSystems/lorawan-payload-schema/go/schema/schema.go:1675.5,1676.19 2 1
github.com/MultiTechSystems/lorawan-payload-schema/go/schema/schema.go:1676.19,1677.11 1 0
github.com/MultiTechSystems/lorawan-payload-schema/go/schema/schema.go:1679.5,1680.22 2 1
github.com/MultiTechSystems/lorawan-payload-schema/go/schema/schema.go:1680.22,1682.6 1 1
github.com/MultiTechSystems/lorawan-payload-schema/go/schema/schema.go:1686.4,1686.37 1 1
github.com/MultiTechSystems/lorawan-payload-schema/go/schema/schema.go:1687.15,1688.26 1 1
github.com/MultiTechSystems/lorawan-payload-schema/go/schema/schema.go:1688.26,1689.35 1 1
github.com/MultiTechSystems/lorawan-payload-schema/go/schema/schema.go:1689.35,1691.7 1 1
github.com/MultiTechSystems/lorawan-payload-schema/go/schema/schema.go:1693.18,1694.28 1 0
github.com/MultiTechSystems/lorawan-payload-schema/go/schema/schema.go:1694.28,1696.6 1 0
github.com/MultiTechSystems/lorawan-payload-schema/go/schema/schema.go:1697.16,1698.31 1 0
github.com/MultiTechSystems/lorawan-payload-schema/go/schema/schema.go:1699.12,1701.66 1 0
github.com/MultiTechSystems/lorawan-payload-schema/go/schema/schema.go:1701.66,1703.6 1 0
github.com/MultiTechSystems/lorawan-payload-schema/go/schema/schema.go:1705.9,1708.18 2 1
github.com/MultiTechSystems/lorawan-payload-schema/go/schema/schema.go:1708.18,1709.10 1 0
github.com/MultiTechSystems/lorawan-payload-schema/go/schema/schema.go:1711.4,1711.50 1 1
github.com/MultiTechSystems/lorawan-payload-schema/go/schema/schema.go:1715.3,1716.21 2 1
github.com/MultiTechSystems/lorawan-payload-schema/go/schema/schema.go:1716.21,1718.18 2 0
github.com/MultiTechSystems/lorawan-payload-schema/go/schema/schema.go:1718.18,1719.10 1 0
github.com/MultiTechSystems/lorawan-payload-schema/go/schema/schema.go:1721.4,1721.50 1 0
github.com/MultiTechSystems/lorawan-payload-schema/go/schema/schema.go:1725.3,1727.20 2 1
github.com/MultiTechSystems/lorawan-payload-schema/go/schema/schema.go:1727.20,1730.18 3 1
github.com/MultiTechSystems/lorawan-payload-schema/go/schema/schema.go:1730.18,1732.5 1 0
github.com/MultiTechSystems/lorawan-payload-schema/go/schema/schema.go:1734.4,1734.13 1 1
github.com/MultiTechSystems/lorawan-payload-schema/go/schema/schema.go:1734.13,1736.34 1 1
github.com/MultiTechSystems/lorawan-payload-schema/go/schema/schema.go:1736.34,1737.39 1 1
github.com/MultiTechSystems/lorawan-payload-schema/go/schema/schema.go:1737.39,1738.48 1 0
github.com/MultiTechSystems/lorawan-payload-schema/go/schema/schema.go:1738.48,1740.8 1 0
github.com/MultiTechSystems/lorawan-payload-schema/go/schema/schema.go:1740.13,1742.8 1 0
github.com/MultiTechSystems/lorawan-payload-schema/go/schema/schema.go:1743.12,1745.7 1 1
github.com/MultiTechSystems/lorawan-payload-schema/go/schema/schema.go:1747.10,1749.34 2 0
github.com/MultiTechSystems/lorawan-payload-schema/go/schema/schema.go:1749.34,1751.6 1 0
github.com/MultiTechSystems/lorawan-payload-schema/go/schema/schema.go:1752.5,1752.39 1 0
github.com/MultiTechSystems/lorawan-payload-schema/go/schema/schema.go:1754.9,1756.30 1 1
github.com/MultiTechSystems/lorawan-payload-schema/go/schema/schema.go:1756.30,1758.5 1 0
github.com/MultiTechSystems/lorawan-payload-schema/go/schema/schema.go:1758.10,1758.30 1 1
github.com/MultiTechSystems/lorawan-payload-schema/go/schema/schema.go:1758.30,1760.5 1 0
github.com/MultiTechSystems/lorawan-payload-schema/go/schema/schema.go:1760.10,1761.10 1 1
github.com/MultiTechSystems/lorawan-payload-schema/go/schema/schema.go:1766.2,1766.12 1 1
github.com/MultiTechSystems/lorawan-payload-schema/go/schema/schema.go:1766.12,1768.3 1 0
github.com/MultiTechSystems/lorawan-payload-schema/go/schema/schema.go:1770.2,1770.20 1 1
github.com/MultiTechSystems/lorawan-payload-schema/go/schema/schema.go:1773.65,1774.18 1 1
github.com/MultiTechSystems/lorawan-payload-schema/go/schema/schema.go:1774.18,1776.3 1 1
github.com/MultiTechSystems/lorawan-payload-schema/go/schema/schema.go:1779.2,1779.19 1 1
github.com/MultiTechSystems/lorawan-payload-schema/go/schema/schema.go:1779.19,1781.30 2 1
github.com/MultiTechSystems/lorawan-payload-schema/go/schema/schema.go:1781.30,1783.4 1 1
github.com/MultiTechSystems/lorawan-payload-schema/go/schema/schema.go:1787.2,1789.32 3 1
github.com/MultiTechSystems/lorawan-payload-schema/go/schema/schema.go:1789.32,1791.3 1 1
github.com/MultiTechSystems/lorawan-payload-schema/go/schema/schema.go:1793.2,1793.11 1 0
github.com/MultiTechSystems/lorawan-payload-schema/go/schema/schema.go:1797.61,1798.18 1 1
github.com/MultiTechSystems/lorawan-payload-schema/go/schema/schema.go:1798.18,1800.3 1 0
github.com/MultiTechSystems/lorawan-payload-schema/go/schema/schema.go:1802.2,1802.16 1 1
github.com/MultiTechSystems/lorawan-payload-schema/go/schema/schema.go:1803.26,1804.22 1 1
github.com/MultiTechSystems/lorawan-payload-schema/go/schema/schema.go:1804.22,1806.27 2 1
github.com/MultiTechSystems/lorawan-payload-schema/go/schema/schema.go:1806.27,1808.5 1 1
github.com/MultiTechSystems/lorawan-payload-schema/go/schema/schema.go:1809.4,1809.41 1 1
github.com/MultiTechSystems/lorawan-payload-schema/go/schema/schema.go:1811.3,1811.34 1 1
github.com/MultiTechSystems/lorawan-payload-schema/go/schema/schema.go:1813.19,1814.22 1 1
github.com/MultiTechSystems/lorawan-payload-schema/go/schema/schema.go:1814.22,1816.27 2 0
github.com/MultiTechSystems/lorawan-payload-schema/go/schema/schema.go:1816.27,1818.5 1 0
github.com/MultiTechSystems/lorawan-payload-schema/go/schema/schema.go:1819.4,1819.41 1 0
github.com/MultiTechSystems/lorawan-payload-schema/go/schema/schema.go:1821.3,1821.51 1 1
github.com/MultiTechSystems/lorawan-payload-schema/go/schema/schema.go:1823.16,1824.49 1 1
github.com/MultiTechSystems/lorawan-payload-schema/go/schema/schema.go:1826.15,1828.26 2 1
github.com/MultiTechSystems/lorawan-payload-schema/go/schema/schema.go:1828.26,1830.4 1 1
github.com/MultiTechSystems/lorawan-payload-schema/go/schema/schema.go:1831.3,1831.13 1 1
github.com/MultiTechSystems/lorawan-payload-schema/go/schema/schema.go:1833.10,1834.34 1 0
github.com/MultiTechSystems/lorawan-payload-schema/go/schema/schema.go:1839.67,1841.24 2 1
github.com/MultiTechSystems/lorawan-payload-schema/go/schema/schema.go:1841.24,1843.3 1 1
github.com/MultiTechSystems/lorawan-payload-schema/go/schema/schema.go:1844.2,1849.24 3 1
github.com/MultiTechSystems/lorawan-payload-schema/go/schema/schema.go:1849.24,1852.34 2 1
github.com/MultiTechSystems/lorawan-payload-schema/go/schema/schema.go:1853.12,1854.13 1 1
github.com/MultiTechSystems/lorawan-payload-schema/go/schema/schema.go:1855.16,1856.18 1 0
github.com/MultiTechSystems/lorawan-payload-schema/go/schema/schema.go:1857.15,1860.45 2 1
github.com/MultiTechSystems/lorawan-payload-schema/go/schema/schema.go:1860.45,1862.5 1 1
github.com/MultiTechSystems/lorawan-payload-schema/go/schema/schema.go:1862.10,1864.5 1 0
github.com/MultiTechSystems/lorawan-payload-schema/go/schema/schema.go:1865.11,1866.65 1 0
github.com/MultiTechSystems/lorawan-payload-schema/go/schema/schema.go:1869.3,1869.28 1 1
github.com/MultiTechSystems/lorawan-payload-schema/go/schema/schema.go:1869.28,1871.4 1 0
github.com/MultiTechSystems/lorawan-payload-schema/go/schema/schema.go:1873.3,1873.30 1 1
github.com/MultiTechSystems/lorawan-payload-schema/go/schema/schema.go:1873.30,1875.18 2 1
github.com/MultiTechSystems/lorawan-payload-schema/go/schema/schema.go:1875.18,1877.5 1 0
github.com/MultiTechSystems/lorawan-payload-schema/go/schema/schema.go:1878.4,1878.36 1 1
github.com/MultiTechSystems/lorawan-payload-schema/go/schema/schema.go:1881.8,1881.36 1 1
github.com/MultiTechSystems/lorawan-payload-schema/go/schema/schema.go:1881.36,1884.40 2 1
github.com/MultiTechSystems/lorawan-payload-schema/go/schema/schema.go:1885.12,1886.19 1 1
github.com/MultiTechSystems/lorawan-payload-schema/go/schema/schema.go:1887.16,1888.24 1 0
github.com/MultiTechSystems/lorawan-payload-schema/go/schema/schema.go:1889.15,1891.45 2 1
github.com/MultiTechSystems/lorawan-payload-schema/go/schema/schema.go:1891.45,1893.5 1 1
github.com/MultiTechSystems/lorawan-payload-schema/go/schema/schema.go:1893.10,1895.5 1 0
github.com/MultiTechSystems/lorawan-payload-schema/go/schema/schema.go:1896.11,1897.76 1 0
github.com/MultiTechSystems/lorawan-payload-schema/go/schema/schema.go:1900.3,1903.60 3 1
github.com/MultiTechSystems/lorawan-payload-schema/go/schema/schema.go:1903.60,1905.18 2 1
github.com/MultiTechSystems/lorawan-payload-schema/go/schema/schema.go:1905.18,1907.5 1 0
github.com/MultiTechSystems/lorawan-payload-schema/go/schema/schema.go:1908.4,1909.16 2 1
github.com/MultiTechSystems/lorawan-payload-schema/go/schema/schema.go:1912.3,1912.30 1 1
github.com/MultiTechSystems/lorawan-payload-schema/go/schema/schema.go:1912.30,1915.4 1 0
github.com/MultiTechSystems/lorawan-payload-schema/go/schema/schema.go:1917.8,1917.33 1 1
github.com/MultiTechSystems/lorawan-payload-schema/go/schema/schema.go:1917.33,1921.57 2 1
github.com/MultiTechSystems/lorawan-payload-schema/go/schema/schema.go:1921.57,1923.18 2 1
github.com/MultiTechSystems/lorawan-payload-schema/go/schema/schema.go:1923.18,1925.5 1 0
github.com/MultiTechSystems/lorawan-payload-schema/go/schema/schema.go:1926.4,1927.16 2 1
github.com/MultiTechSystems/lorawan-payload-schema/go/schema/schema.go:1930.8,1932.3 1 0
github.com/MultiTechSystems/lorawan-payload-schema/go/schema/schema.go:1935.2,1935.33 1 1
github.com/MultiTechSystems/lorawan-payload-schema/go/schema/schema.go:1935.33,1938.3 1 1
github.com/MultiTechSystems/lorawan-payload-schema/go/schema/schema.go:1940.2,1940.20 1 1
github.com/MultiTechSystems/lorawan-payload-schema/go/schema/schema.go:1948.62,1950.2 1 1
github.com/MultiTechSystems/lorawan-payload-schema/go/schema/schema.go:1953.81,1957.23 2 1
github.com/MultiTechSystems/lorawan-payload-schema/go/schema/schema.go:1957.23,1958.59 1 0
github.com/MultiTechSystems/lorawan-payload-schema/go/schema/schema.go:1958.59,1960.4 1 0
github.com/MultiTechSystems/lorawan-payload-schema/go/schema/schema.go:1964.2,1967.56 2 1
github.com/MultiTechSystems/lorawan-payload-schema/go/schema/schema.go:1967.56,1969.3 1 0
github.com/MultiTechSystems/lorawan-payload-schema/go/schema/schema.go:1971.2,1971.24 1 1
github.com/MultiTechSystems/lorawan-payload-schema/go/schema/schema.go:1974.82,1977.31 2 1
github.com/MultiTechSystems/lorawan-payload-schema/go/schema/schema.go:1977.31,1978.27 1 1
github.com/MultiTechSystems/lorawan-payload-schema/go/schema/schema.go:1978.27,1980.47 2 1
github.com/MultiTechSystems/lorawan-payload-schema/go/schema/schema.go:1980.47,1981.37 1 1
github.com/MultiTechSystems/lorawan-payload-schema/go/schema/schema.go:1981.37,1982.23 1 1
github.com/MultiTechSystems/lorawan-payload-schema/go/schema/schema.go:1982.23,1983.37 1 1
github.com/MultiTechSystems/lorawan-payload-schema/go/schema/schema.go:1983.37,1985.13 2 1
github.com/MultiTechSystems/lorawan-payload-schema/go/schema/schema.go:1990.4,1990.45 1 1
github.com/MultiTechSystems/lorawan-payload-schema/go/schema/schema.go:1994.2,1994.31 1 1
github.com/MultiTechSystems/lorawan-payload-schema/go/schema/schema.go:1994.31,1996.27 1 1
github.com/MultiTechSystems/lorawan-payload-schema/go/schema/schema.go:1996.27,1997.66 1 1
github.com/MultiTechSystems/lorawan-payload-schema/go/schema/schema.go:1997.66,1999.5 1 0
github.com/MultiTechSystems/lorawan-payload-schema/go/schema/schema.go:2000.4,2000.12 1 1
github.com/MultiTechSystems/lorawan-payload-schema/go/schema/schema.go:2003.3,2003.61 1 1
github.com/MultiTechSystems/lorawan-payload-schema/go/schema/schema.go:2003.61,2004.12 1 0
github.com/MultiTechSystems/lorawan-payload-schema/go/schema/schema.go:2008.3,2008.82 1 1
github.com/MultiTechSystems/lorawan-payload-schema/go/schema/schema.go:2008.82,2009.12 1 0
github.com/MultiTechSystems/lorawan-payload-schema/go/schema/schema.go:2013.3,2013.39 1 1
github.com/MultiTechSystems/lorawan-payload-schema/go/schema/schema.go:2013.39,2014.51 1 1
github.com/MultiTechSystems/lorawan-payload-schema/go/schema/schema.go:2014.51,2015.68 1 1
github.com/MultiTechSystems/lorawan-payload-schema/go/schema/schema.go:2015.68,2017.6 1 0
github.com/MultiTechSystems/lorawan-payload-schema/go/schema/schema.go:2019.4,2019.12 1 1
github.com/MultiTechSystems/lorawan-payload-schema/go/schema/schema.go:2023.3,2024.55 2 1
github.com/MultiTechSystems/lorawan-payload-schema/go/schema/schema.go:2024.55,2026.4 1 1
github.com/MultiTechSystems/lorawan-payload-schema/go/schema/schema.go:2026.9,2029.15 3 1
github.com/MultiTechSystems/lorawan-payload-schema/go/schema/schema.go:2029.15,2030.13 1 0
github.com/MultiTechSystems/lorawan-payload-schema/go/schema/schema.go:2034.3,2034.56 1 1
github.com/MultiTechSystems/lorawan-payload-schema/go/schema/schema.go:2034.56,2036.4 1 0
github.com/MultiTechSystems/lorawan-payload-schema/go/schema/schema.go:2038.2,2038.12 1 1
github.com/MultiTechSystems/lorawan-payload-schema/go/schema/schema.go:2041.83,2043.34 2 1
github.com/MultiTechSystems/lorawan-payload-schema/go/schema/schema.go:2043.34,2044.35 1 1
github.com/MultiTechSystems/lorawan-payload-schema/go/schema/schema.go:2044.35,2045.21 1 1
github.com/MultiTechSystems/lorawan-payload-schema/go/schema/schema.go:2045.21,2046.35 1 1
github.com/MultiTechSystems/lorawan-payload-schema/go/schema/schema.go:2046.35,2048.11 2 1
github.com/MultiTechSystems/lorawan-payload-schema/go/schema/schema.go:2054.2,2054.34 1 1
github.com/MultiTechSystems/lorawan-payload-schema/go/schema/schema.go:2054.34,2055.32 1 1
github.com/MultiTechSystems/lorawan-payload-schema/go/schema/schema.go:2055.32,2056.12 1 1
github.com/MultiTechSystems/lorawan-payload-schema/go/schema/schema.go:2058.3,2058.35 1 1
github.com/MultiTechSystems/lorawan-payload-schema/go/schema/schema.go:2058.35,2059.56 1 1
github.com/MultiTechSystems/lorawan-payload-schema/go/schema/schema.go:2059.56,2060.13 1 0
github.com/MultiTechSystems/lorawan-payload-schema/go/schema/schema.go:2062.4,2062.74 1 1
github.com/MultiTechSystems/lorawan-payload-schema/go/schema/schema.go:2062.74,2063.13 1 0
github.com/MultiTechSystems/lorawan-payload-schema/go/schema/schema.go:2065.4,2066.11 2 1
github.com/MultiTechSystems/lorawan-payload-schema/go/schema/schema.go:2066.11,2067.13 1 0
github.com/MultiTechSystems/lorawan-payload-schema/go/schema/schema.go:2069.4,2069.54 1 1
github.com/MultiTechSystems/lorawan-payload-schema/go/schema/schema.go:2069.54,2071.5 1 0
github.com/MultiTechSystems/lorawan-payload-schema/go/schema/schema.go:2074.2,2074.12 1 1
github.com/MultiTechSystems/lorawan-payload-schema/go/schema/schema.go:2077.81,2080.21 3 1
github.com/MultiTechSystems/lorawan-payload-schema/go/schema/schema.go:2080.21,2082.3 1 0
github.com/MultiTechSystems/lorawan-payload-schema/go/schema/schema.go:2083.2,2085.55 2 1
github.com/MultiTechSystems/lorawan-payload-schema/go/schema/schema.go:2085.55,2087.3 1 1
github.com/MultiTechSystems/lorawan-payload-schema/go/schema/schema.go:2089.2,2091.17 3 1
github.com/MultiTechSystems/lorawan-payload-schema/go/schema/schema.go:2091.17,2093.3 1 0
github.com/MultiTechSystems/lorawan-payload-schema/go/schema/schema.go:2094.2,2095.18 2 1
github.com/MultiTechSystems/lorawan-payload-schema/go/schema/schema.go:2095.18,2097.3 1 1
github.com/MultiTechSystems/lorawan-payload-schema/go/schema/schema.go:2099.2,2100.29 2 1
github.com/MultiTechSystems/lorawan-payload-schema/go/schema/schema.go:2100.29,2101.20 1 1
github.com/MultiTechSystems/lorawan-payload-schema/go/schema/schema.go:2101.20,2102.12 1 0
github.com/MultiTechSystems/lorawan-payload-schema/go/schema/schema.go:2104.3,2107.37 4 1
github.com/MultiTechSystems/lorawan-payload-schema/go/schema/schema.go:2107.37,2109.4 1 1
github.com/MultiTechSystems/lorawan-payload-schema/go/schema/schema.go:2109.9,2109.40 1 0
github.com/MultiTechSystems/lorawan-payload-schema/go/schema/schema.go:2109.40,2111.4 1 0
github.com/MultiTechSystems/lorawan-payload-schema/go/schema/schema.go:2112.3,2112.37 1 1
github.com/MultiTechSystems/lorawan-payload-schema/go/schema/schema.go:2112.37,2114.4 1 1
github.com/MultiTechSystems/lorawan-payload-schema/go/schema/schema.go:2114.9,2114.40 1 0
github.com/MultiTechSystems/lorawan-payload-schema/go/schema/schema.go:2114.40,2116.4 1 0
[...]
github.com/MultiTechSystems/lorawan-payload-schema/go/schema/schema.go:2540.65,2543.21 2 1
github.com/MultiTechSystems/lorawan-payload-schema/go/schema/schema.go:2543.21,2544.48 1 1
github.com/MultiTechSystems/lorawan-payload-schema/go/schema/schema.go:2544.48,2547.4 2 1
github.com/MultiTechSystems/lorawan-payload-schema/go/schema/schema.go:2550.2,2553.32 3 1
github.com/MultiTechSystems/lorawan-payload-schema/go/schema/schema.go:2553.32,2557.21 3 1
github.com/MultiTechSystems/lorawan-payload-schema/go/schema/schema.go:2557.21,2559.4 1 1
github.com/MultiTechSystems/lorawan-payload-schema/go/schema/schema.go:2561.3,2562.10 2 1
github.com/MultiTechSystems/lorawan-payload-schema/go/schema/schema.go:2562.10,2564.4 1 0
github.com/MultiTechSystems/lorawan-payload-schema/go/schema/schema.go:2566.3,2567.39 2 1
github.com/MultiTechSystems/lorawan-payload-schema/go/schema/schema.go:2567.39,2570.4 2 1
github.com/MultiTechSystems/lorawan-payload-schema/go/schema/schema.go:2572.3,2572.30 1 1
github.com/MultiTechSystems/lorawan-payload-schema/go/schema/schema.go:2572.30,2578.18 2 1
github.com/MultiTechSystems/lorawan-payload-schema/go/schema/schema.go:2578.18,2579.18 1 1
github.com/MultiTechSystems/lorawan-payload-schema/go/schema/schema.go:2579.18,2581.6 1 0
github.com/MultiTechSystems/lorawan-payload-schema/go/schema/schema.go:2581.11,2583.6 1 1
github.com/MultiTechSystems/lorawan-payload-schema/go/schema/schema.go:2585.4,2585.34 1 1
github.com/MultiTechSystems/lorawan-payload-schema/go/schema/schema.go:2589.2,2589.28 1 1
github.com/MultiTechSystems/lorawan-payload-schema/go/schema/schema.go:2593.72,2595.16 2 1
github.com/MultiTechSystems/lorawan-payload-schema/go/schema/schema.go:2595.16,2597.3 1 0
github.com/MultiTechSystems/lorawan-payload-schema/go/schema/schema.go:2599.2,2600.34 2 1
github.com/MultiTechSystems/lorawan-payload-schema/go/schema/schema.go:2610.62,2611.22 1 1
github.com/MultiTechSystems/lorawan-payload-schema/go/schema/schema.go:2611.22,2613.3 1 0
github.com/MultiTechSystems/lorawan-payload-schema/go/schema/schema.go:2614.2,2615.35 2 1
github.com/MultiTechSystems/lorawan-payload-schema/go/schema/schema.go:2615.35,2617.3 1 1
github.com/MultiTechSystems/lorawan-payload-schema/go/schema/schema.go:2618.2,2618.15 1 1
github.com/MultiTechSystems/lorawan-payload-schema/go/schema/schema.go:2622.75,2624.16 2 1
github.com/MultiTechSystems/lorawan-payload-schema/go/schema/schema.go:2624.16,2626.3 1 0
github.com/MultiTechSystems/lorawan-payload-schema/go/schema/schema.go:2627.2,2628.16 2 1
github.com/MultiTechSystems/lorawan-payload-schema/go/schema/schema.go:2628.16,2630.3 1 0
github.com/MultiTechSystems/lorawan-payload-schema/go/schema/schema.go:2632.2,2632.15 1 1
github.com/MultiTechSystems/lorawan-payload-schema/go/schema/schema.go:2633.13,2634.13 1 1
github.com/MultiTechSystems/lorawan-payload-schema/go/schema/schema.go:2634.13,2636.4 1 1
github.com/MultiTechSystems/lorawan-payload-schema/go/schema/schema.go:2637.3,2637.20 1 1
github.com/MultiTechSystems/lorawan-payload-schema/go/schema/schema.go:2638.13,2639.20 1 1
github.com/MultiTechSystems/lorawan-payload-schema/go/schema/schema.go:2640.13,2641.20 1 1
github.com/MultiTechSystems/lorawan-payload-schema/go/schema/schema.go:2642.13,2643.20 1 1
github.com/MultiTechSystems/lorawan-payload-schema/go/schema/schema.go:2644.10,2645.56 1 1
github.com/MultiTechSystems/lorawan-payload-schema/go/schema/schema.go:2650.69,2651.32 1 1
github.com/MultiTechSystems/lorawan-payload-schema/go/schema/schema.go:2651.32,2653.41 2 1
github.com/MultiTechSystems/lorawan-payload-schema/go/schema/schema.go:2653.41,2654.35 1 1
github.com/MultiTechSystems/lorawan-payload-schema/go/schema/schema.go:2654.35,2656.5 1 1
github.com/MultiTechSystems/lorawan-payload-schema/go/schema/schema.go:2658.3,2658.60 1 0
github.com/MultiTechSystems/lorawan-payload-schema/go/schema/schema.go:2660.2,2660.35 1 0
github.com/MultiTechSystems/lorawan-payload-schema/go/schema/schema.go:2664.77,2665.31 1 1
github.com/MultiTechSystems/lorawan-payload-schema/go/schema/schema.go:2665.31,2668.10 3 1
github.com/MultiTechSystems/lorawan-payload-schema/go/schema/schema.go:2668.10,2670.4 1 0
github.com/MultiTechSystems/lorawan-payload-schema/go/schema/schema.go:2671.3,2672.10 2 1
github.com/MultiTechSystems/lorawan-payload-schema/go/schema/schema.go:2672.10,2674.4 1 0
github.com/MultiTechSystems/lorawan-payload-schema/go/schema/schema.go:2677.3,2677.41 1 1
github.com/MultiTechSystems/lorawan-payload-schema/go/schema/schema.go:2677.41,2679.4 1 1
github.com/MultiTechSystems/lorawan-payload-schema/go/schema/schema.go:2680.3,2680.44 1 1
github.com/MultiTechSystems/lorawan-payload-schema/go/schema/schema.go:2680.44,2682.4 1 1
github.com/MultiTechSystems/lorawan-payload-schema/go/schema/schema.go:2683.3,2683.41 1 1
github.com/MultiTechSystems/lorawan-payload-schema/go/schema/schema.go:2683.41,2685.4 1 1
github.com/MultiTechSystems/lorawan-payload-schema/go/schema/schema.go:2686.3,2686.44 1 1
github.com/MultiTechSystems/lorawan-payload-schema/go/schema/schema.go:2686.44,2688.4 1 1
github.com/MultiTechSystems/lorawan-payload-schema/go/schema/schema.go:2689.3,2689.39 1 1
github.com/MultiTechSystems/lorawan-payload-schema/go/schema/schema.go:2689.39,2691.4 1 1
github.com/MultiTechSystems/lorawan-payload-schema/go/schema/schema.go:2693.2,2693.14 1 1
github.com/MultiTechSystems/lorawan-payload-schema/go/schema/schema.go:2699.86,2704.73 3 1
github.com/MultiTechSystems/lorawan-payload-schema/go/schema/schema.go:2704.73,2706.41 2 1
github.com/MultiTechSystems/lorawan-payload-schema/go/schema/schema.go:2706.41,2707.35 1 1
github.com/MultiTechSystems/lorawan-payload-schema/go/schema/schema.go:2707.35,2709.5 1 1
github.com/MultiTechSystems/lorawan-payload-schema/go/schema/schema.go:2711.3,2711.13 1 0
github.com/MultiTechSystems/lorawan-payload-schema/go/schema/schema.go:2715.2,2722.23 5 1
github.com/MultiTechSystems/lorawan-payload-schema/go/schema/schema.go:2728.45,2731.16 3 1
github.com/MultiTechSystems/lorawan-payload-schema/go/schema/schema.go:2731.16,2733.3 1 0
github.com/MultiTechSystems/lorawan-payload-schema/go/schema/schema.go:2734.2,2734.17 1 1
github.com/MultiTechSystems/lorawan-payload-schema/go/schema/schema.go:2742.35,2743.52 1 1
github.com/MultiTechSystems/lorawan-payload-schema/go/schema/schema.go:2743.52,2745.3 1 1
github.com/MultiTechSystems/lorawan-payload-schema/go/schema/schema.go:2748.34,2750.27 2 1
github.com/MultiTechSystems/lorawan-payload-schema/go/schema/schema.go:2750.27,2752.3 1 1
github.com/MultiTechSystems/lorawan-payload-schema/go/schema/schema.go:2753.2,2753.23 1 1
github.com/MultiTechSystems/lorawan-payload-schema/go/schema/schema.go:2756.44,2759.24 3 1
github.com/MultiTechSystems/lorawan-payload-schema/go/schema/schema.go:2759.24,2761.3 1 1
github.com/MultiTechSystems/lorawan-payload-schema/go/schema/schema.go:2762.2,2762.27 1 1
github.com/MultiTechSystems/lorawan-payload-schema/go/schema/schema.go:2765.54,2767.16 2 1
github.com/MultiTechSystems/lorawan-payload-schema/go/schema/schema.go:2767.16,2769.3 1 0
github.com/MultiTechSystems/lorawan-payload-schema/go/schema/schema.go:2770.2,2771.51 2 1
github.com/MultiTechSystems/lorawan-payload-schema/go/schema/schema.go:2771.51,2774.17 3 1
github.com/MultiTechSystems/lorawan-payload-schema/go/schema/schema.go:2774.17,2776.4 1 0
github.com/MultiTechSystems/lorawan-payload-schema/go/schema/schema.go:2777.3,2778.52 2 1
github.com/MultiTechSystems/lorawan-payload-schema/go/schema/schema.go:2778.52,2781.18 3 1
github.com/MultiTechSystems/lorawan-payload-schema/go/schema/schema.go:2781.18,2783.5 1 0
github.com/MultiTechSystems/lorawan-payload-schema/go/schema/schema.go:2784.4,2784.16 1 1
github.com/MultiTechSystems/lorawan-payload-schema/go/schema/schema.go:2784.16,2786.5 1 1
github.com/MultiTechSystems/lorawan-payload-schema/go/schema/schema.go:2787.4,2787.24 1 1
github.com/MultiTechSystems/lorawan-payload-schema/go/schema/schema.go:2789.3,2789.50 1 0
github.com/MultiTechSystems/lorawan-payload-schema/go/schema/schema.go:2791.2,2791.17 1 1
github.com/MultiTechSystems/lorawan-payload-schema/go/schema/schema.go:2794.49,2796.16 2 1
github.com/MultiTechSystems/lorawan-payload-schema/go/schema/schema.go:2796.16,2798.3 1 0
github.com/MultiTechSystems/lorawan-payload-schema/go/schema/schema.go:2799.2,2799.6 1 1
github.com/MultiTechSystems/lorawan-payload-schema/go/schema/schema.go:2799.6,2800.27 1 1
github.com/MultiTechSystems/lorawan-payload-schema/go/schema/schema.go:2800.27,2803.18 3 1
github.com/MultiTechSystems/lorawan-payload-schema/go/schema/schema.go:2803.18,2805.5 1 0
github.com/MultiTechSystems/lorawan-payload-schema/go/schema/schema.go:2806.4,2806.30 1 1
github.com/MultiTechSystems/lorawan-payload-schema/go/schema/schema.go:2806.30,2808.5 1 1
github.com/MultiTechSystems/lorawan-payload-schema/go/schema/schema.go:2808.10,2810.5 1 1
github.com/MultiTechSystems/lorawan-payload-schema/go/schema/schema.go:2811.9,2812.9 1 1
github.com/MultiTechSystems/lorawan-payload-schema/go/schema/schema.go:2815.2,2815.17 1 1
github.com/MultiTechSystems/lorawan-payload-schema/go/schema/schema.go:2818.50,2820.16 2 1
github.com/MultiTechSystems/lorawan-payload-schema/go/schema/schema.go:2820.16,2822.3 1 0
github.com/MultiTechSystems/lorawan-payload-schema/go/schema/schema.go:2823.2,2823.6 1 1
github.com/MultiTechSystems/lorawan-payload-schema/go/schema/schema.go:2823.6,2824.27 1 1
github.com/MultiTechSystems/lorawan-payload-schema/go/schema/schema.go:2824.27,2827.18 3 1
github.com/MultiTechSystems/lorawan-payload-schema/go/schema/schema.go:2827.18,2829.5 1 0
github.com/MultiTechSystems/lorawan-payload-schema/go/schema/schema.go:2830.4,2830.30 1 1
github.com/MultiTechSystems/lorawan-payload-schema/go/schema/schema.go:2830.30,2832.5 1 1
github.com/MultiTechSystems/lorawan-payload-schema/go/schema/schema.go:2832.10,2834.5 1 1
github.com/MultiTechSystems/lorawan-payload-schema/go/schema/schema.go:2835.9,2836.9 1 1
github.com/MultiTechSystems/lorawan-payload-schema/go/schema/schema.go:2839.2,2839.17 1 1
github.com/MultiTechSystems/lorawan-payload-schema/go/schema/schema.go:2842.57,2844.16 2 1
github.com/MultiTechSystems/lorawan-payload-schema/go/schema/schema.go:2844.16,2846.3 1 0
github.com/MultiTechSystems/lorawan-payload-schema/go/schema/schema.go:2847.2,2847.6 1 1
github.com/MultiTechSystems/lorawan-payload-schema/go/schema/schema.go:2847.6,2849.27 2 1
github.com/MultiTechSystems/lorawan-payload-schema/go/schema/schema.go:2849.27,2852.18 3 1
github.com/MultiTechSystems/lorawan-payload-schema/go/schema/schema.go:2852.18,2854.5 1 0
github.com/MultiTechSystems/lorawan-payload-schema/go/schema/schema.go:2855.4,2855.20 1 1
github.com/MultiTechSystems/lorawan-payload-schema/go/schema/schema.go:2855.20,2855.31 1 1
github.com/MultiTechSystems/lorawan-payload-schema/go/schema/schema.go:2855.36,2855.48 1 1
github.com/MultiTechSystems/lorawan-payload-schema/go/schema/schema.go:2856.9,2856.34 1 1
github.com/MultiTechSystems/lorawan-payload-schema/go/schema/schema.go:2856.34,2859.18 3 1
github.com/MultiTechSystems/lorawan-payload-schema/go/schema/schema.go:2859.18,2861.5 1 0
github.com/MultiTechSystems/lorawan-payload-schema/go/schema/schema.go:2862.4,2862.20 1 1
github.com/MultiTechSystems/lorawan-payload-schema/go/schema/schema.go:2862.20,2862.31 1 1
github.com/MultiTechSystems/lorawan-payload-schema/go/schema/schema.go:2862.36,2862.48 1 0
github.com/MultiTechSystems/lorawan-payload-schema/go/schema/schema.go:2863.9,2863.34 1 1
github.com/MultiTechSystems/lorawan-payload-schema/go/schema/schema.go:2863.34,2866.18 3 1
github.com/MultiTechSystems/lorawan-payload-schema/go/schema/schema.go:2866.18,2868.5 1 0
github.com/MultiTechSystems/lorawan-payload-schema/go/schema/schema.go:2869.4,2869.20 1 1
github.com/MultiTechSystems/lorawan-payload-schema/go/schema/schema.go:2869.20,2869.31 1 1
github.com/MultiTechSystems/lorawan-payload-schema/go/schema/schema.go:2869.36,2869.48 1 1
github.com/MultiTechSystems/lorawan-payload-schema/go/schema/schema.go:2870.9,2870.34 1 1
github.com/MultiTechSystems/lorawan-payload-schema/go/schema/schema.go:2870.34,2873.18 3 1
github.com/MultiTechSystems/lorawan-payload-schema/go/schema/schema.go:2873.18,2875.5 1 0
github.com/MultiTechSystems/lorawan-payload-schema/go/schema/schema.go:2876.4,2876.20 1 1
github.com/MultiTechSystems/lorawan-payload-schema/go/schema/schema.go:2876.20,2876.31 1 1
github.com/MultiTechSystems/lorawan-payload-schema/go/schema/schema.go:2876.36,2876.48 1 0
github.com/MultiTechSystems/lorawan-payload-schema/go/schema/schema.go:2877.9,2877.29 1 1
github.com/MultiTechSystems/lorawan-payload-schema/go/schema/schema.go:2877.29,2880.18 3 1
github.com/MultiTechSystems/lorawan-payload-schema/go/schema/schema.go:2880.18,2882.5 1 0
github.com/MultiTechSystems/lorawan-payload-schema/go/schema/schema.go:2883.4,2883.19 1 1
github.com/MultiTechSystems/lorawan-payload-schema/go/schema/schema.go:2883.19,2883.30 1 1
github.com/MultiTechSystems/lorawan-payload-schema/go/schema/schema.go:2883.35,2883.47 1 1
github.com/MultiTechSystems/lorawan-payload-schema/go/schema/schema.go:2884.9,2884.29 1 1
github.com/MultiTechSystems/lorawan-payload-schema/go/schema/schema.go:2884.29,2887.18 3 1
github.com/MultiTechSystems/lorawan-payload-schema/go/schema/schema.go:2887.18,2889.5 1 0
github.com/MultiTechSystems/lorawan-payload-schema/go/schema/schema.go:2890.4,2890.19 1 1
github.com/MultiTechSystems/lorawan-payload-schema/go/schema/schema.go:2890.19,2890.30 1 1
github.com/MultiTechSystems/lorawan-payload-schema/go/schema/schema.go:2890.35,2890.47 1 0
github.com/MultiTechSystems/lorawan-payload-schema/go/schema/schema.go:2891.9,2892.9 1 1
github.com/MultiTechSystems/lorawan-payload-schema/go/schema/schema.go:2895.2,2895.17 1 1
github.com/MultiTechSystems/lorawan-payload-schema/go/schema/schema.go:2898.53,2900.16 2 1
github.com/MultiTechSystems/lorawan-payload-schema/go/schema/schema.go:2900.16,2902.3 1 0
github.com/MultiTechSystems/lorawan-payload-schema/go/schema/schema.go:2903.2,2903.6 1 1
github.com/MultiTechSystems/lorawan-payload-schema/go/schema/schema.go:2903.6,2905.22 2 1
github.com/MultiTechSystems/lorawan-payload-schema/go/schema/schema.go:2905.22,2908.18 3 1
github.com/MultiTechSystems/lorawan-payload-schema/go/schema/schema.go:2908.18,2910.5 1 0
github.com/MultiTechSystems/lorawan-payload-schema/go/schema/schema.go:2911.4,2911.16 1 1
github.com/MultiTechSystems/lorawan-payload-schema/go/schema/schema.go:2912.9,2912.29 1 1
github.com/MultiTechSystems/lorawan-payload-schema/go/schema/schema.go:2912.29,2915.18 3 1
github.com/MultiTechSystems/lorawan-payload-schema/go/schema/schema.go:2915.18,2917.5 1 0
github.com/MultiTechSystems/lorawan-payload-schema/go/schema/schema.go:2918.4,2918.16 1 1
github.com/MultiTechSystems/lorawan-payload-schema/go/schema/schema.go:2919.9,2920.9 1 1
github.com/MultiTechSystems/lorawan-payload-schema/go/schema/schema.go:2923.2,2923.17 1 1
github.com/MultiTechSystems/lorawan-payload-schema/go/schema/schema.go:2926.53,2928.16 2 1
github.com/MultiTechSystems/lorawan-payload-schema/go/schema/schema.go:2928.16,2930.3 1 0
github.com/MultiTechSystems/lorawan-payload-schema/go/schema/schema.go:2931.2,2931.6 1 1
github.com/MultiTechSystems/lorawan-payload-schema/go/schema/schema.go:2931.6,2933.22 2 1
github.com/MultiTechSystems/lorawan-payload-schema/go/schema/schema.go:2933.22,2936.18 3 1
github.com/MultiTechSystems/lorawan-payload-schema/go/schema/schema.go:2936.18,2938.5 1 0
github.com/MultiTechSystems/lorawan-payload-schema/go/schema/schema.go:2939.4,2939.16 1 1
github.com/MultiTechSystems/lorawan-payload-schema/go/schema/schema.go:2940.9,2940.29 1 1
github.com/MultiTechSystems/lorawan-payload-schema/go/schema/schema.go:2940.29,2943.18 3 1
github.com/MultiTechSystems/lorawan-payload-schema/go/schema/schema.go:2943.18,2945.5 1 0
github.com/MultiTechSystems/lorawan-payload-schema/go/schema/schema.go:2946.4,2946.18 1 1
github.com/MultiTechSystems/lorawan-payload-schema/go/schema/schema.go:2946.18,2948.5 1 1
github.com/MultiTechSystems/lorawan-payload-schema/go/schema/schema.go:2948.10,2950.5 1 1
github.com/MultiTechSystems/lorawan-payload-schema/go/schema/schema.go:2951.9,2952.9 1 1
github.com/MultiTechSystems/lorawan-payload-schema/go/schema/schema.go:2955.2,2955.17 1 1
github.com/MultiTechSystems/lorawan-payload-schema/go/schema/schema.go:2958.52,2960.21 2 1
github.com/MultiTechSystems/lorawan-payload-schema/go/schema/schema.go:2960.21,2963.17 3 1
github.com/MultiTechSystems/lorawan-payload-schema/go/schema/schema.go:2963.17,2965.4 1 0
github.com/MultiTechSystems/lorawan-payload-schema/go/schema/schema.go:2966.3,2966.19 1 1
github.com/MultiTechSystems/lorawan-payload-schema/go/schema/schema.go:2968.2,2968.25 1 1
github.com/MultiTechSystems/lorawan-payload-schema/go/schema/schema.go:2971.54,2975.21 2 1
github.com/MultiTechSystems/lorawan-payload-schema/go/schema/schema.go:2975.21,2978.17 3 1
github.com/MultiTechSystems/lorawan-payload-schema/go/schema/schema.go:2978.17,2980.4 1 0
github.com/MultiTechSystems/lorawan-payload-schema/go/schema/schema.go:2981.3,2982.22 2 1
github.com/MultiTechSystems/lorawan-payload-schema/go/schema/schema.go:2982.22,2984.4 1 1
github.com/MultiTechSystems/lorawan-payload-schema/go/schema/schema.go:2985.3,2985.18 1 1
github.com/MultiTechSystems/lorawan-payload-schema/go/schema/schema.go:2989.2,2989.69 1 1
github.com/MultiTechSystems/lorawan-payload-schema/go/schema/schema.go:2989.69,2990.52 1 1
github.com/MultiTechSystems/lorawan-payload-schema/go/schema/schema.go:2990.52,2993.18 3 1
github.com/MultiTechSystems/lorawan-payload-schema/go/schema/schema.go:2993.18,2995.5 1 0
github.com/MultiTechSystems/lorawan-payload-schema/go/schema/schema.go:2996.4,2998.17 2 1
github.com/MultiTechSystems/lorawan-payload-schema/go/schema/schema.go:2999.15,3000.24 1 1
github.com/MultiTechSystems/lorawan-payload-schema/go/schema/schema.go:3000.24,3000.35 1 1
github.com/MultiTechSystems/lorawan-payload-schema/go/schema/schema.go:3001.5,3001.31 1 1
github.com/MultiTechSystems/lorawan-payload-schema/go/schema/schema.go:3002.16,3003.24 1 1
github.com/MultiTechSystems/lorawan-payload-schema/go/schema/schema.go:3003.24,3003.35 1 1
github.com/MultiTechSystems/lorawan-payload-schema/go/schema/schema.go:3004.5,3004.32 1 1
github.com/MultiTechSystems/lorawan-payload-schema/go/schema/schema.go:3008.4,3008.23 1 1
github.com/MultiTechSystems/lorawan-payload-schema/go/schema/schema.go:3008.23,3010.5 1 1
github.com/MultiTechSystems/lorawan-payload-schema/go/schema/schema.go:3011.4,3012.18 2 1
github.com/MultiTechSystems/lorawan-payload-schema/go/schema/schema.go:3012.18,3014.5 1 0
github.com/MultiTechSystems/lorawan-payload-schema/go/schema/schema.go:3015.4,3016.23 2 1
github.com/MultiTechSystems/lorawan-payload-schema/go/schema/schema.go:3016.23,3016.34 1 1
github.com/MultiTechSystems/lorawan-payload-schema/go/schema/schema.go:3018.4,3018.17 1 1
github.com/MultiTechSystems/lorawan-payload-schema/go/schema/schema.go:3019.15,3020.37 1 1
github.com/MultiTechSystems/lorawan-payload-schema/go/schema/schema.go:3021.15,3022.37 1 1
github.com/MultiTechSystems/lorawan-payload-schema/go/schema/schema.go:3023.15,3024.37 1 1
github.com/MultiTechSystems/lorawan-payload-schema/go/schema/schema.go:3030.2,3031.78 2 1
github.com/MultiTechSystems/lorawan-payload-schema/go/schema/schema.go:3031.78,3033.3 1 0
github.com/MultiTechSystems/lorawan-payload-schema/go/schema/schema.go:3034.2,3034.154 1 1
github.com/MultiTechSystems/lorawan-payload-schema/go/schema/schema.go:3034.154,3036.3 1 1
github.com/MultiTechSystems/lorawan-payload-schema/go/schema/schema.go:3037.2,3037.19 1 1
github.com/MultiTechSystems/lorawan-payload-schema/go/schema/schema.go:3037.19,3040.17 3 1
github.com/MultiTechSystems/lorawan-payload-schema/go/schema/schema.go:3040.17,3042.4 1 0
github.com/MultiTechSystems/lorawan-payload-schema/go/schema/schema.go:3043.3,3043.18 1 1
github.com/MultiTechSystems/lorawan-payload-schema/go/schema/schema.go:3046.2,3046.85 1 0
